Using pre-set license
Built from '6000.0/staging' branch; Version is '6000.0.30f1 (62b05ba0686a) revision 6467675'; Using compiler version '193933523'; Build Type 'Release'
OS: 'Windows 11  (10.0.22631) 64bit Core' Language: 'el' Physical Memory: 7549 MB
BatchMode: 1, IsHumanControllingUs: 0, StartBugReporterOnCrash: 0, Is64bit: 1, IsPro: 1

COMMAND LINE ARGUMENTS:
C:\Program Files\Unity\Hub\Editor\6000.0.30f1\Editor\Unity.exe
-adb2
-batchMode
-noUpm
-name
AssetImportWorker5
-projectPath
C:/Users/anast/My project
-logFile
Logs/AssetImportWorker5.log
-srvPort
51295
-job-worker-count
5
-background-job-worker-count
8
-asset-garbage-collectors
1
Successfully changed project path to: C:/Users/anast/My project
C:/Users/anast/My project
[UnityMemory] Configuration Parameters - Can be set up in boot.config
    "memorysetup-bucket-allocator-granularity=16"
    "memorysetup-bucket-allocator-bucket-count=8"
    "memorysetup-bucket-allocator-block-size=33554432"
    "memorysetup-bucket-allocator-block-count=8"
    "memorysetup-main-allocator-block-size=16777216"
    "memorysetup-thread-allocator-block-size=16777216"
    "memorysetup-gfx-main-allocator-block-size=16777216"
    "memorysetup-gfx-thread-allocator-block-size=16777216"
    "memorysetup-cache-allocator-block-size=4194304"
    "memorysetup-typetree-allocator-block-size=2097152"
    "memorysetup-profiler-bucket-allocator-granularity=16"
    "memorysetup-profiler-bucket-allocator-bucket-count=8"
    "memorysetup-profiler-bucket-allocator-block-size=33554432"
    "memorysetup-profiler-bucket-allocator-block-count=8"
    "memorysetup-profiler-allocator-block-size=16777216"
    "memorysetup-profiler-editor-allocator-block-size=1048576"
    "memorysetup-temp-allocator-size-main=16777216"
    "memorysetup-job-temp-allocator-block-size=2097152"
    "memorysetup-job-temp-allocator-block-size-background=1048576"
    "memorysetup-job-temp-allocator-reduction-small-platforms=262144"
    "memorysetup-allocator-temp-initial-block-size-main=262144"
    "memorysetup-allocator-temp-initial-block-size-worker=262144"
    "memorysetup-temp-allocator-size-background-worker=32768"
    "memorysetup-temp-allocator-size-job-worker=262144"
    "memorysetup-temp-allocator-size-preload-manager=33554432"
    "memorysetup-temp-allocator-size-nav-mesh-worker=65536"
    "memorysetup-temp-allocator-size-audio-worker=65536"
    "memorysetup-temp-allocator-size-cloud-worker=32768"
    "memorysetup-temp-allocator-size-gi-baking-worker=262144"
    "memorysetup-temp-allocator-size-gi-baking-worker=262144"
    "memorysetup-temp-allocator-size-gi-baking-worker=262144"
    "memorysetup-temp-allocator-size-gi-baking-worker=262144"
    "memorysetup-temp-allocator-size-gi-baking-worker=262144"
    "memorysetup-temp-allocator-size-gfx=262144"
Player connection [2572]  Target information:

Player connection [2572]  * "[IP] 192.168.1.137 [Port] 0 [Flags] 2 [Guid] 3541600751 [EditorId] 3541600751 [Version] 1048832 [Id] WindowsEditor(7,anastasia) [Debug] 1 [PackageName] WindowsEditor [ProjectName] Editor" 

Player connection [2572] Host joined multi-casting on [225.0.0.222:54997]...
Player connection [2572] Host joined alternative multi-casting on [225.0.0.222:34997]...
JobSystem: Creating JobQueue using job-worker-count value 5
[Physics::Module] Initialized fallback backend.
[Physics::Module] Id: 0xdecafbad
Library Redirect Path: Library/
[Physics::Module] Selected backend.
[Physics::Module] Name: PhysX
[Physics::Module] Id: 0xf2b8ea05
[Physics::Module] SDK Version: 4.1.2
[Physics::Module] Integration Version: 1.0.0
[Physics::Module] Threading Mode: Multi-Threaded
Refreshing native plugins compatible for Editor in 2.97 ms, found 3 plugins.
Preloading 0 native plugins for Editor in 0.00 ms.
Initialize engine version: 6000.0.30f1 (62b05ba0686a)
[Subsystems] Discovering subsystems at path C:/Program Files/Unity/Hub/Editor/6000.0.30f1/Editor/Data/Resources/UnitySubsystems
[Subsystems] Discovering subsystems at path C:/Users/anast/My project/Assets
GfxDevice: creating device client; kGfxThreadingModeNonThreaded
Direct3D:
    Version:  Direct3D 11.0 [level 11.1]
    Renderer: AMD Radeon(TM) Graphics (ID=0x1636)
    Vendor:   ATI
    VRAM:     3774 MB
    Driver:   27.20.11022.14001
Initialize mono
Mono path[0] = 'C:/Program Files/Unity/Hub/Editor/6000.0.30f1/Editor/Data/Managed'
Mono path[1] = 'C:/Program Files/Unity/Hub/Editor/6000.0.30f1/Editor/Data/MonoBleedingEdge/lib/mono/unityjit-win32'
Mono config path = 'C:/Program Files/Unity/Hub/Editor/6000.0.30f1/Editor/Data/MonoBleedingEdge/etc'
Using monoOptions --debugger-agent=transport=dt_socket,embedding=1,server=y,suspend=n,address=127.0.0.1:56580
Begin MonoManager ReloadAssembly
Registering precompiled unity dll's ...
Register platform support module: C:/Program Files/Unity/Hub/Editor/6000.0.30f1/Editor/Data/PlaybackEngines/WebGLSupport/UnityEditor.WebGL.Extensions.dll
Register platform support module: C:/Program Files/Unity/Hub/Editor/6000.0.30f1/Editor/Data/PlaybackEngines/WindowsStandaloneSupport/UnityEditor.WindowsStandalone.Extensions.dll
Registered in 0.007056 seconds.
- Loaded All Assemblies, in  0.677 seconds
Native extension for WindowsStandalone target not found
Native extension for WebGL target not found
Mono: successfully reloaded assembly
- Finished resetting the current domain, in  0.503 seconds
Domain Reload Profiling: 1178ms
	BeginReloadAssembly (269ms)
		ExecutionOrderSort (0ms)
		DisableScriptedObjects (0ms)
		BackupInstance (0ms)
		ReleaseScriptingObjects (0ms)
		CreateAndSetChildDomain (3ms)
	RebuildCommonClasses (60ms)
	RebuildNativeTypeToScriptingClass (14ms)
	initialDomainReloadingComplete (75ms)
	LoadAllAssembliesAndSetupDomain (256ms)
		LoadAssemblies (262ms)
		RebuildTransferFunctionScriptingTraits (0ms)
		AnalyzeDomain (250ms)
			TypeCache.Refresh (247ms)
				TypeCache.ScanAssembly (229ms)
			BuildScriptInfoCaches (0ms)
			ResolveRequiredComponents (1ms)
	FinalizeReload (504ms)
		ReleaseScriptCaches (0ms)
		RebuildScriptCaches (0ms)
		SetupLoadedEditorAssemblies (434ms)
			LogAssemblyErrors (0ms)
			InitializePlatformSupportModulesInManaged (30ms)
			SetLoadedEditorAssemblies (5ms)
			BeforeProcessingInitializeOnLoad (68ms)
			ProcessInitializeOnLoadAttributes (213ms)
			ProcessInitializeOnLoadMethodAttributes (117ms)
			AfterProcessingInitializeOnLoad (0ms)
			EditorAssembliesLoaded (0ms)
		ExecutionOrderSort2 (0ms)
		AwakeInstancesAfterBackupRestoration (0ms)
========================================================================
Worker process is ready to serve import requests
Import Worker Mode flag is 0x00
Begin MonoManager ReloadAssembly
- Loaded All Assemblies, in  1.225 seconds
Refreshing native plugins compatible for Editor in 1.44 ms, found 3 plugins.
Native extension for WindowsStandalone target not found
Native extension for WebGL target not found
Mono: successfully reloaded assembly
- Finished resetting the current domain, in  1.053 seconds
Domain Reload Profiling: 2265ms
	BeginReloadAssembly (325ms)
		ExecutionOrderSort (0ms)
		DisableScriptedObjects (21ms)
		BackupInstance (0ms)
		ReleaseScriptingObjects (0ms)
		CreateAndSetChildDomain (57ms)
	RebuildCommonClasses (55ms)
	RebuildNativeTypeToScriptingClass (21ms)
	initialDomainReloadingComplete (52ms)
	LoadAllAssembliesAndSetupDomain (760ms)
		LoadAssemblies (595ms)
		RebuildTransferFunctionScriptingTraits (0ms)
		AnalyzeDomain (318ms)
			TypeCache.Refresh (226ms)
				TypeCache.ScanAssembly (207ms)
			BuildScriptInfoCaches (75ms)
			ResolveRequiredComponents (12ms)
	FinalizeReload (1053ms)
		ReleaseScriptCaches (0ms)
		RebuildScriptCaches (0ms)
		SetupLoadedEditorAssemblies (772ms)
			LogAssemblyErrors (0ms)
			InitializePlatformSupportModulesInManaged (11ms)
			SetLoadedEditorAssemblies (15ms)
			BeforeProcessingInitializeOnLoad (154ms)
			ProcessInitializeOnLoadAttributes (504ms)
			ProcessInitializeOnLoadMethodAttributes (83ms)
			AfterProcessingInitializeOnLoad (5ms)
			EditorAssembliesLoaded (0ms)
		ExecutionOrderSort2 (0ms)
		AwakeInstancesAfterBackupRestoration (6ms)
Launched and connected shader compiler UnityShaderCompiler.exe after 0.03 seconds
Refreshing native plugins compatible for Editor in 1.37 ms, found 3 plugins.
Preloading 0 native plugins for Editor in 0.00 ms.
Unloading 198 Unused Serialized files (Serialized files now loaded: 0)
Unloading 5912 unused Assets / (5.7 MB). Loaded Objects now: 6581.
Memory consumption went from 157.7 MB to 152.0 MB.
Total: 12.758600 ms (FindLiveObjects: 0.831300 ms CreateObjectMapping: 0.932300 ms MarkObjects: 6.589000 ms  DeleteObjects: 4.147400 ms)

========================================================================
Received Import Request.
  Time since last request: 130397.031640 seconds.
  path: Assets/InputSystem_Actions.inputactions
  artifactKey: Guid(052faaac586de48259a63d0c4782560b) Importer(2089858483,192608db42251d675da83286b1cce702)
Start importing Assets/InputSystem_Actions.inputactions using Guid(052faaac586de48259a63d0c4782560b) Importer(2089858483,192608db42251d675da83286b1cce702) (ScriptedImporter) -> (artifact id: 'e1b09c14f8f3867e7198beaa96e38034') in 0.903605 seconds
Number of updated asset objects reloaded before import = 0Number of asset objects unloaded after import = 22

========================================================================
Received Import Request.
  Time since last request: 0.000036 seconds.
  path: Assets/Prefabs/Wall1_H0.3.prefab
  artifactKey: Guid(ef40f53ca512f3749bd78828ec376d06) Importer(2089858483,192608db42251d675da83286b1cce702)
Start importing Assets/Prefabs/Wall1_H0.3.prefab using Guid(ef40f53ca512f3749bd78828ec376d06) Importer(2089858483,192608db42251d675da83286b1cce702) (ScriptedImporter) -> (artifact id: 'c0052608841662fe8250bd0ce2f6292b') in 0.1277119 seconds
Number of updated asset objects reloaded before import = 0Number of asset objects unloaded after import = 9

========================================================================
Received Import Request.
  Time since last request: 0.000050 seconds.
  path: Assets/Meshes/Column1.obj
  artifactKey: Guid(5dba13f74e1761e4da23e9616424b62a) Importer(2089858483,192608db42251d675da83286b1cce702)
Start importing Assets/Meshes/Column1.obj using Guid(5dba13f74e1761e4da23e9616424b62a) Importer(2089858483,192608db42251d675da83286b1cce702) (ScriptedImporter) -> (artifact id: '01c03d756862bb587608aa8e824b7ef9') in 0.1393793 seconds
Number of updated asset objects reloaded before import = 0Number of asset objects unloaded after import = 22

========================================================================
Received Import Request.
  Time since last request: 0.000021 seconds.
  path: Assets/Meshes/Corridor1_Medium_Turn.obj
  artifactKey: Guid(071d06d580937054895556ea5f577146) Importer(2089858483,192608db42251d675da83286b1cce702)
Start importing Assets/Meshes/Corridor1_Medium_Turn.obj using Guid(071d06d580937054895556ea5f577146) Importer(2089858483,192608db42251d675da83286b1cce702) (ScriptedImporter) -> (artifact id: '3b1d5489590b6bb44b6ec5e19bf095d1') in 0.0459923 seconds
Number of updated asset objects reloaded before import = 0Number of asset objects unloaded after import = 28

========================================================================
Received Import Request.
  Time since last request: 0.000031 seconds.
  path: Assets/Materials/Spike.mat
  artifactKey: Guid(c84942fcc42c4c34bac2be81b9edb2b0) Importer(2089858483,192608db42251d675da83286b1cce702)
Start importing Assets/Materials/Spike.mat using Guid(c84942fcc42c4c34bac2be81b9edb2b0) Importer(2089858483,192608db42251d675da83286b1cce702) (ScriptedImporter) -> (artifact id: '3577219596e2675cf3c6a7a1c6bec6f8') in 0.0306405 seconds
Number of updated asset objects reloaded before import = 0Number of asset objects unloaded after import = 4

========================================================================
Received Import Request.
  Time since last request: 0.000038 seconds.
  path: Assets/Materials/Door.mat
  artifactKey: Guid(e21336690bab52549bcb917a17b96ffa) Importer(2089858483,192608db42251d675da83286b1cce702)
Start importing Assets/Materials/Door.mat using Guid(e21336690bab52549bcb917a17b96ffa) Importer(2089858483,192608db42251d675da83286b1cce702) (ScriptedImporter) -> (artifact id: 'b7e3395d962c80c6197d183f007ff5f9') in 0.0234824 seconds
Number of updated asset objects reloaded before import = 0Number of asset objects unloaded after import = 4

========================================================================
Received Import Request.
  Time since last request: 0.000025 seconds.
  path: Assets/Meshes/Spikes.obj
  artifactKey: Guid(605c91fe3f6d14f47afd14fb5e3c4b31) Importer(2089858483,192608db42251d675da83286b1cce702)
Start importing Assets/Meshes/Spikes.obj using Guid(605c91fe3f6d14f47afd14fb5e3c4b31) Importer(2089858483,192608db42251d675da83286b1cce702) (ScriptedImporter) -> (artifact id: '1157e6d8a98dcb1498c959eb18185bda') in 0.0385587 seconds
Number of updated asset objects reloaded before import = 0Number of asset objects unloaded after import = 34

========================================================================
Received Import Request.
  Time since last request: 0.000022 seconds.
  path: Assets/Meshes/Door1.obj
  artifactKey: Guid(3e14bd886e933c94f92f6bfd45f6bfb2) Importer(2089858483,192608db42251d675da83286b1cce702)
Start importing Assets/Meshes/Door1.obj using Guid(3e14bd886e933c94f92f6bfd45f6bfb2) Importer(2089858483,192608db42251d675da83286b1cce702) (ScriptedImporter) -> (artifact id: '21797f2bb3e07ca29265c1c904f39fb0') in 0.0236143 seconds
Number of updated asset objects reloaded before import = 0Number of asset objects unloaded after import = 10

========================================================================
Received Import Request.
  Time since last request: 0.000020 seconds.
  path: Assets/Boing/boing_01 - Default_BaseMap.png
  artifactKey: Guid(534c9ff3453e8c642a1bacf83a3f6ad7) Importer(2089858483,192608db42251d675da83286b1cce702)
Start importing Assets/Boing/boing_01 - Default_BaseMap.png using Guid(534c9ff3453e8c642a1bacf83a3f6ad7) Importer(2089858483,192608db42251d675da83286b1cce702) (ScriptedImporter) -> (artifact id: 'fd02c0d5d649d4799f9c355162f776bd') in 0.1021326 seconds
Number of updated asset objects reloaded before import = 0Number of asset objects unloaded after import = 1

========================================================================
Received Import Request.
  Time since last request: 0.000028 seconds.
  path: Assets/Materials/FloorTile3.mat
  artifactKey: Guid(6588d52d1c72a4b4ab404c80fa8a0a8e) Importer(2089858483,192608db42251d675da83286b1cce702)
Start importing Assets/Materials/FloorTile3.mat using Guid(6588d52d1c72a4b4ab404c80fa8a0a8e) Importer(2089858483,192608db42251d675da83286b1cce702) (ScriptedImporter) -> (artifact id: 'd43c5a888bca3a4900e1688661ac1b0d') in 0.0283683 seconds
Number of updated asset objects reloaded before import = 0Number of asset objects unloaded after import = 4

========================================================================
Received Import Request.
  Time since last request: 0.000034 seconds.
  path: Assets/Meshes/Corridor1_Medium_Cross.obj
  artifactKey: Guid(8fec1f4cb5da07a42b8557fdabc52a7e) Importer(2089858483,192608db42251d675da83286b1cce702)
Start importing Assets/Meshes/Corridor1_Medium_Cross.obj using Guid(8fec1f4cb5da07a42b8557fdabc52a7e) Importer(2089858483,192608db42251d675da83286b1cce702) (ScriptedImporter) -> (artifact id: '127940ab6f9e5d3c9d1f2d6ba34acce6') in 0.0770722 seconds
Number of updated asset objects reloaded before import = 0Number of asset objects unloaded after import = 106

========================================================================
Received Import Request.
  Time since last request: 0.000039 seconds.
  path: Assets/Prefabs/Corridor1_Narrow.prefab
  artifactKey: Guid(2f8c26f68f0d0e94e9e1dab1e366c83f) Importer(2089858483,192608db42251d675da83286b1cce702)
Start importing Assets/Prefabs/Corridor1_Narrow.prefab using Guid(2f8c26f68f0d0e94e9e1dab1e366c83f) Importer(2089858483,192608db42251d675da83286b1cce702) (ScriptedImporter) -> (artifact id: '8b4b920e0808478056ea2f46258b4389') in 0.0538148 seconds
Number of updated asset objects reloaded before import = 0Number of asset objects unloaded after import = 19

========================================================================
Received Import Request.
  Time since last request: 0.000062 seconds.
  path: Assets/Meshes/Corridor1_Narrow_T_Junction.obj
  artifactKey: Guid(9c6a851ca2aa09149a4b8a5fc996478a) Importer(2089858483,192608db42251d675da83286b1cce702)
Start importing Assets/Meshes/Corridor1_Narrow_T_Junction.obj using Guid(9c6a851ca2aa09149a4b8a5fc996478a) Importer(2089858483,192608db42251d675da83286b1cce702) (ScriptedImporter) -> (artifact id: '97753d60b27f4416b170cc9b67795c9e') in 0.0849232 seconds
Number of updated asset objects reloaded before import = 0Number of asset objects unloaded after import = 82

========================================================================
Received Import Request.
  Time since last request: 0.000049 seconds.
  path: Assets/Materials/SpikeTrap.mat
  artifactKey: Guid(77009e54f14e6c742bdd084d226e92ef) Importer(2089858483,192608db42251d675da83286b1cce702)
Start importing Assets/Materials/SpikeTrap.mat using Guid(77009e54f14e6c742bdd084d226e92ef) Importer(2089858483,192608db42251d675da83286b1cce702) (ScriptedImporter) -> (artifact id: '89e48d2b951c0b43f1ccebf8bebb15b5') in 0.0249371 seconds
Number of updated asset objects reloaded before import = 0Number of asset objects unloaded after import = 3

========================================================================
Received Import Request.
  Time since last request: 0.000022 seconds.
  path: Assets/Meshes/Well.obj
  artifactKey: Guid(8115a1dd791fb21429a29ce32e1a3c62) Importer(2089858483,192608db42251d675da83286b1cce702)
Start importing Assets/Meshes/Well.obj using Guid(8115a1dd791fb21429a29ce32e1a3c62) Importer(2089858483,192608db42251d675da83286b1cce702) (ScriptedImporter) -> (artifact id: '5d56f5a208cbffb06629870d0223ae5e') in 0.0254184 seconds
Number of updated asset objects reloaded before import = 0Number of asset objects unloaded after import = 10

========================================================================
Received Import Request.
  Time since last request: 0.000021 seconds.
  path: Assets/Meshes/Corridor1_Wide.obj
  artifactKey: Guid(58df962946b01f446b68043ba09f322d) Importer(2089858483,192608db42251d675da83286b1cce702)
Start importing Assets/Meshes/Corridor1_Wide.obj using Guid(58df962946b01f446b68043ba09f322d) Importer(2089858483,192608db42251d675da83286b1cce702) (ScriptedImporter) -> (artifact id: '2300fe258e63dddfbc7d1938514afabb') in 0.0570969 seconds
Number of updated asset objects reloaded before import = 0Number of asset objects unloaded after import = 40

========================================================================
Received Import Request.
  Time since last request: 0.000084 seconds.
  path: Assets/Meshes/Corridor1_Narrow_Turn.obj
  artifactKey: Guid(6b0aeb355f46c9a42b16ff522bdffa16) Importer(2089858483,192608db42251d675da83286b1cce702)
Start importing Assets/Meshes/Corridor1_Narrow_Turn.obj using Guid(6b0aeb355f46c9a42b16ff522bdffa16) Importer(2089858483,192608db42251d675da83286b1cce702) (ScriptedImporter) -> (artifact id: 'f39e0349f9950ed67fcfb894d85d6e6a') in 0.0493574 seconds
Number of updated asset objects reloaded before import = 0Number of asset objects unloaded after import = 34

========================================================================
Received Import Request.
  Time since last request: 0.000042 seconds.
  path: Assets/Prefabs/Doorway1_Side.prefab
  artifactKey: Guid(5a08d0f7a5007ee4997e8cb2a31d0a10) Importer(2089858483,192608db42251d675da83286b1cce702)
Start importing Assets/Prefabs/Doorway1_Side.prefab using Guid(5a08d0f7a5007ee4997e8cb2a31d0a10) Importer(2089858483,192608db42251d675da83286b1cce702) (ScriptedImporter) -> (artifact id: 'c1f494c264982d73e4e14fa5d6235546') in 0.0313742 seconds
Number of updated asset objects reloaded before import = 0Number of asset objects unloaded after import = 14

========================================================================
Received Import Request.
  Time since last request: 0.000028 seconds.
  path: Assets/Prefabs/Room1_Simple_Medium.prefab
  artifactKey: Guid(946a35c76f6171f45ac33073c1426d93) Importer(2089858483,192608db42251d675da83286b1cce702)
Start importing Assets/Prefabs/Room1_Simple_Medium.prefab using Guid(946a35c76f6171f45ac33073c1426d93) Importer(2089858483,192608db42251d675da83286b1cce702) (ScriptedImporter) -> (artifact id: '1cf41c086f34cd162ea7c27bc4c427d2') in 0.0454789 seconds
Number of updated asset objects reloaded before import = 0Number of asset objects unloaded after import = 109

========================================================================
Received Import Request.
  Time since last request: 0.000032 seconds.
  path: Assets/Meshes/FloorTiles1.obj
  artifactKey: Guid(06d6ae72d1935074a87aa46e71514236) Importer(2089858483,192608db42251d675da83286b1cce702)
Start importing Assets/Meshes/FloorTiles1.obj using Guid(06d6ae72d1935074a87aa46e71514236) Importer(2089858483,192608db42251d675da83286b1cce702) (ScriptedImporter) -> (artifact id: '6b865c694b011977fac38621f8a09de7') in 0.02641 seconds
Number of updated asset objects reloaded before import = 0Number of asset objects unloaded after import = 10

========================================================================
Received Import Request.
  Time since last request: 0.000026 seconds.
  path: Assets/Prefabs/FloorTiles3.prefab
  artifactKey: Guid(42750c5085f1a4f4f9aa470f1f3a6c84) Importer(2089858483,192608db42251d675da83286b1cce702)
Start importing Assets/Prefabs/FloorTiles3.prefab using Guid(42750c5085f1a4f4f9aa470f1f3a6c84) Importer(2089858483,192608db42251d675da83286b1cce702) (ScriptedImporter) -> (artifact id: 'b7e0caa067c1354caf98afac73f9ead0') in 0.0197759 seconds
Number of updated asset objects reloaded before import = 0Number of asset objects unloaded after import = 9

========================================================================
Received Import Request.
  Time since last request: 0.000040 seconds.
  path: Assets/Prefabs/Spikes.prefab
  artifactKey: Guid(8c6dffdad78abe94ba892a19c802ceab) Importer(2089858483,192608db42251d675da83286b1cce702)
Start importing Assets/Prefabs/Spikes.prefab using Guid(8c6dffdad78abe94ba892a19c802ceab) Importer(2089858483,192608db42251d675da83286b1cce702) (ScriptedImporter) -> (artifact id: '0d2171307bafde86d7382654259cfe19') in 0.0430061 seconds
Number of updated asset objects reloaded before import = 0Number of asset objects unloaded after import = 29

========================================================================
Received Import Request.
  Time since last request: 0.000032 seconds.
  path: Assets/Meshes/Doorway1_Extension.obj
  artifactKey: Guid(67810c35b8660414b855399e5b8c5463) Importer(2089858483,192608db42251d675da83286b1cce702)
Start importing Assets/Meshes/Doorway1_Extension.obj using Guid(67810c35b8660414b855399e5b8c5463) Importer(2089858483,192608db42251d675da83286b1cce702) (ScriptedImporter) -> (artifact id: 'd4e8fd500db45558831bb515a6c8d9f0') in 0.0352481 seconds
Number of updated asset objects reloaded before import = 0Number of asset objects unloaded after import = 10

========================================================================
Received Import Request.
  Time since last request: 0.000026 seconds.
  path: Assets/Materials/FloorTile2.mat
  artifactKey: Guid(e0dc0c35d08c16545a7ddc945c60c859) Importer(2089858483,192608db42251d675da83286b1cce702)
Start importing Assets/Materials/FloorTile2.mat using Guid(e0dc0c35d08c16545a7ddc945c60c859) Importer(2089858483,192608db42251d675da83286b1cce702) (ScriptedImporter) -> (artifact id: '711b6aef4048a1037c51b6956cee2309') in 0.0364693 seconds
Number of updated asset objects reloaded before import = 0Number of asset objects unloaded after import = 4

========================================================================
Received Import Request.
  Time since last request: 0.000028 seconds.
  path: Assets/Settings/Mobile_Renderer.asset
  artifactKey: Guid(65bc7dbf4170f435aa868c779acfb082) Importer(2089858483,192608db42251d675da83286b1cce702)
Start importing Assets/Settings/Mobile_Renderer.asset using Guid(65bc7dbf4170f435aa868c779acfb082) Importer(2089858483,192608db42251d675da83286b1cce702) (ScriptedImporter) -> (artifact id: '63d8dd31d7940283bac8580be5fcef3d') in 0.0634899 seconds
Number of updated asset objects reloaded before import = 0Number of asset objects unloaded after import = 2

========================================================================
Received Import Request.
  Time since last request: 0.000049 seconds.
  path: Assets/Meshes/Corridor1_Medium_T_Junction.obj
  artifactKey: Guid(0da22248c4becf64393416dc296de686) Importer(2089858483,192608db42251d675da83286b1cce702)
Start importing Assets/Meshes/Corridor1_Medium_T_Junction.obj using Guid(0da22248c4becf64393416dc296de686) Importer(2089858483,192608db42251d675da83286b1cce702) (ScriptedImporter) -> (artifact id: 'a7c3ffca3bf8c58d1ed87d2f0e610d2e') in 0.0760808 seconds
Number of updated asset objects reloaded before import = 0Number of asset objects unloaded after import = 82

========================================================================
Received Import Request.
  Time since last request: 0.000045 seconds.
  path: Assets/Prefabs/GoldenDragon.prefab
  artifactKey: Guid(e873eb9263eba32478750e6f16d4bb38) Importer(2089858483,192608db42251d675da83286b1cce702)
Start importing Assets/Prefabs/GoldenDragon.prefab using Guid(e873eb9263eba32478750e6f16d4bb38) Importer(2089858483,192608db42251d675da83286b1cce702) (ScriptedImporter) -> (artifact id: 'be77af926aba25f47bac694cadcc35db') in 0.0521016 seconds
Number of updated asset objects reloaded before import = 0Number of asset objects unloaded after import = 9

========================================================================
Received Import Request.
  Time since last request: 0.000039 seconds.
  path: Assets/Meshes/Wall1_Half_H1.0.obj
  artifactKey: Guid(7ddc3546fe2cbb14381ba0dee607a83d) Importer(2089858483,192608db42251d675da83286b1cce702)
Start importing Assets/Meshes/Wall1_Half_H1.0.obj using Guid(7ddc3546fe2cbb14381ba0dee607a83d) Importer(2089858483,192608db42251d675da83286b1cce702) (ScriptedImporter) -> (artifact id: '711747cc716af030af3413338cc68f0a') in 0.0370532 seconds
Number of updated asset objects reloaded before import = 0Number of asset objects unloaded after import = 10

========================================================================
Received Import Request.
  Time since last request: 0.000056 seconds.
  path: Assets/Meshes/Arrow.obj
  artifactKey: Guid(427d5cfd66e0bbe4baa8dc337a14f173) Importer(2089858483,192608db42251d675da83286b1cce702)
Start importing Assets/Meshes/Arrow.obj using Guid(427d5cfd66e0bbe4baa8dc337a14f173) Importer(2089858483,192608db42251d675da83286b1cce702) (ScriptedImporter) -> (artifact id: 'aeee4518bb552c87807658c0bcc341b5') in 0.0412554 seconds
Number of updated asset objects reloaded before import = 0Number of asset objects unloaded after import = 10

========================================================================
Received Import Request.
  Time since last request: 0.000029 seconds.
  path: Assets/Materials/Column.mat
  artifactKey: Guid(ef62b2b99f9fa0e4abfb6047c3693f91) Importer(2089858483,192608db42251d675da83286b1cce702)
Start importing Assets/Materials/Column.mat using Guid(ef62b2b99f9fa0e4abfb6047c3693f91) Importer(2089858483,192608db42251d675da83286b1cce702) (ScriptedImporter) -> (artifact id: '23105fc65c355769a9463a78cb7124e5') in 0.0319458 seconds
Number of updated asset objects reloaded before import = 0Number of asset objects unloaded after import = 4

========================================================================
Received Import Request.
  Time since last request: 0.000032 seconds.
  path: Assets/Scripts/BoingMotionControl.cs
  artifactKey: Guid(c2ae78255d51f6646acedf06c9900619) Importer(2089858483,192608db42251d675da83286b1cce702)
Start importing Assets/Scripts/BoingMotionControl.cs using Guid(c2ae78255d51f6646acedf06c9900619) Importer(2089858483,192608db42251d675da83286b1cce702) (ScriptedImporter) -> (artifact id: 'ed305968c9b1b4297bac553d63f852e0') in 0.0216727 seconds
Number of updated asset objects reloaded before import = 0Number of asset objects unloaded after import = 0

========================================================================
Received Import Request.
  Time since last request: 0.000047 seconds.
  path: Assets/Settings/PC_Renderer.asset
  artifactKey: Guid(f288ae1f4751b564a96ac7587541f7a2) Importer(2089858483,192608db42251d675da83286b1cce702)
Start importing Assets/Settings/PC_Renderer.asset using Guid(f288ae1f4751b564a96ac7587541f7a2) Importer(2089858483,192608db42251d675da83286b1cce702) (ScriptedImporter) -> (artifact id: '77376e4258c25fbe23509dcd79c42d6e') in 0.0453922 seconds
Number of updated asset objects reloaded before import = 0Number of asset objects unloaded after import = 1

========================================================================
Received Import Request.
  Time since last request: 0.000047 seconds.
  path: Assets/Prefabs/Wall1_Half_H0.5.prefab
  artifactKey: Guid(ad358c98d884d6b4fb2b1bb4895600a4) Importer(2089858483,192608db42251d675da83286b1cce702)
Start importing Assets/Prefabs/Wall1_Half_H0.5.prefab using Guid(ad358c98d884d6b4fb2b1bb4895600a4) Importer(2089858483,192608db42251d675da83286b1cce702) (ScriptedImporter) -> (artifact id: '4c019120e319024515d09d85d275a59a') in 0.04307 seconds
Number of updated asset objects reloaded before import = 0Number of asset objects unloaded after import = 9

========================================================================
Received Import Request.
  Time since last request: 0.000029 seconds.
  path: Assets/Prefabs/FloorTiles2.prefab
  artifactKey: Guid(2d7da7d91136eb64cb916b998fb404ac) Importer(2089858483,192608db42251d675da83286b1cce702)
Start importing Assets/Prefabs/FloorTiles2.prefab using Guid(2d7da7d91136eb64cb916b998fb404ac) Importer(2089858483,192608db42251d675da83286b1cce702) (ScriptedImporter) -> (artifact id: '7fea4c46a1f8d651a2a97c8c94f5edcc') in 0.0423074 seconds
Number of updated asset objects reloaded before import = 0Number of asset objects unloaded after import = 9

========================================================================
Received Import Request.
  Time since last request: 0.000026 seconds.
  path: Assets/Settings/UniversalRenderPipelineGlobalSettings.asset
  artifactKey: Guid(18dc0cd2c080841dea60987a38ce93fa) Importer(2089858483,192608db42251d675da83286b1cce702)
Start importing Assets/Settings/UniversalRenderPipelineGlobalSettings.asset using Guid(18dc0cd2c080841dea60987a38ce93fa) Importer(2089858483,192608db42251d675da83286b1cce702) (ScriptedImporter) -> (artifact id: 'e17da6300b61634d3df96335a53bcfdc') in 0.3347638 seconds
Number of updated asset objects reloaded before import = 0Number of asset objects unloaded after import = 0

========================================================================
Received Import Request.
  Time since last request: 0.000025 seconds.
  path: Assets/Prefabs/FloorTiles1.prefab
  artifactKey: Guid(1c483036698af3e45a8e3b7c286b0199) Importer(2089858483,192608db42251d675da83286b1cce702)
Start importing Assets/Prefabs/FloorTiles1.prefab using Guid(1c483036698af3e45a8e3b7c286b0199) Importer(2089858483,192608db42251d675da83286b1cce702) (ScriptedImporter) -> (artifact id: '53b681ba4e48626a6c9dac77504a4a84') in 0.0268879 seconds
Number of updated asset objects reloaded before import = 0Number of asset objects unloaded after import = 9

========================================================================
Received Import Request.
  Time since last request: 0.000029 seconds.
  path: Assets/Meshes/Wall1_Pillar_H1.0.obj
  artifactKey: Guid(4c54676a15d123049ac0a37e80c787f2) Importer(2089858483,192608db42251d675da83286b1cce702)
Start importing Assets/Meshes/Wall1_Pillar_H1.0.obj using Guid(4c54676a15d123049ac0a37e80c787f2) Importer(2089858483,192608db42251d675da83286b1cce702) (ScriptedImporter) -> (artifact id: '020a43af774a30a876be3510769967f3') in 0.0235695 seconds
Number of updated asset objects reloaded before import = 0Number of asset objects unloaded after import = 10

========================================================================
Received Import Request.
  Time since last request: 0.000020 seconds.
  path: Assets/Meshes/Wall1_Half_H0.5.obj
  artifactKey: Guid(77458084a76eaf8468bef4297a28c0c1) Importer(2089858483,192608db42251d675da83286b1cce702)
Start importing Assets/Meshes/Wall1_Half_H0.5.obj using Guid(77458084a76eaf8468bef4297a28c0c1) Importer(2089858483,192608db42251d675da83286b1cce702) (ScriptedImporter) -> (artifact id: '150cecaf97ff9d58d3ba98518d6d799b') in 0.0239408 seconds
Number of updated asset objects reloaded before import = 0Number of asset objects unloaded after import = 10

========================================================================
Received Import Request.
  Time since last request: 0.000020 seconds.
  path: Assets/Boing/boing_01 - Default_Emissive.png
  artifactKey: Guid(ca72c6f46a0d013479150166a8b6e814) Importer(2089858483,192608db42251d675da83286b1cce702)
Start importing Assets/Boing/boing_01 - Default_Emissive.png using Guid(ca72c6f46a0d013479150166a8b6e814) Importer(2089858483,192608db42251d675da83286b1cce702) (ScriptedImporter) -> (artifact id: '8dc7eb70ec641ecd2fffafd29891b8f8') in 0.0421718 seconds
Number of updated asset objects reloaded before import = 0Number of asset objects unloaded after import = 1

========================================================================
Received Import Request.
  Time since last request: 0.000028 seconds.
  path: Assets/Prefabs/Corridor1_Medium.prefab
  artifactKey: Guid(769e226f5b6f31547b7185fdc38f4846) Importer(2089858483,192608db42251d675da83286b1cce702)
Start importing Assets/Prefabs/Corridor1_Medium.prefab using Guid(769e226f5b6f31547b7185fdc38f4846) Importer(2089858483,192608db42251d675da83286b1cce702) (ScriptedImporter) -> (artifact id: '7dfbbf359ebea002ebd6245d3c71aa82') in 0.0292332 seconds
Number of updated asset objects reloaded before import = 0Number of asset objects unloaded after import = 19

========================================================================
Received Import Request.
  Time since last request: 0.000025 seconds.
  path: Assets/Prefabs/Wall1_H1.0.prefab
  artifactKey: Guid(7f3e6b1a801ee4046adbae30ca9fb475) Importer(2089858483,192608db42251d675da83286b1cce702)
Start importing Assets/Prefabs/Wall1_H1.0.prefab using Guid(7f3e6b1a801ee4046adbae30ca9fb475) Importer(2089858483,192608db42251d675da83286b1cce702) (ScriptedImporter) -> (artifact id: '444d8f93d2b25560748877e29777bf78') in 0.0283813 seconds
Number of updated asset objects reloaded before import = 0Number of asset objects unloaded after import = 9

========================================================================
Received Import Request.
  Time since last request: 0.000034 seconds.
  path: Assets/Prefabs/Corridor1_Narrow_Cross.prefab
  artifactKey: Guid(5ac92ce3cb93c7643b034a9c5af67408) Importer(2089858483,192608db42251d675da83286b1cce702)
Start importing Assets/Prefabs/Corridor1_Narrow_Cross.prefab using Guid(5ac92ce3cb93c7643b034a9c5af67408) Importer(2089858483,192608db42251d675da83286b1cce702) (ScriptedImporter) -> (artifact id: 'c827ef722f8dee8115b6c2964f6f349c') in 0.0367351 seconds
Number of updated asset objects reloaded before import = 0Number of asset objects unloaded after import = 89

========================================================================
Received Import Request.
  Time since last request: 0.000031 seconds.
  path: Assets/Materials/PlainStone.mat
  artifactKey: Guid(84761b02dee2d8d4dbf73e5562cbba62) Importer(2089858483,192608db42251d675da83286b1cce702)
Start importing Assets/Materials/PlainStone.mat using Guid(84761b02dee2d8d4dbf73e5562cbba62) Importer(2089858483,192608db42251d675da83286b1cce702) (ScriptedImporter) -> (artifact id: '290c93b6d030dacadd17ec29d1a40ecf') in 0.0244114 seconds
Number of updated asset objects reloaded before import = 0Number of asset objects unloaded after import = 3

========================================================================
Received Import Request.
  Time since last request: 0.000020 seconds.
  path: Assets/Prefabs/Well.prefab
  artifactKey: Guid(b9006facda1502f4a8727ddcae86859a) Importer(2089858483,192608db42251d675da83286b1cce702)
Start importing Assets/Prefabs/Well.prefab using Guid(b9006facda1502f4a8727ddcae86859a) Importer(2089858483,192608db42251d675da83286b1cce702) (ScriptedImporter) -> (artifact id: '6e929bac3a3cfef38ff19b7b762cb586') in 0.0378813 seconds
Number of updated asset objects reloaded before import = 0Number of asset objects unloaded after import = 9

========================================================================
Received Import Request.
  Time since last request: 0.000025 seconds.
  path: Assets/Meshes/Wall1_Half_H0.3.obj
  artifactKey: Guid(cd6e357ad836e734fa027ea882ee55eb) Importer(2089858483,192608db42251d675da83286b1cce702)
Start importing Assets/Meshes/Wall1_Half_H0.3.obj using Guid(cd6e357ad836e734fa027ea882ee55eb) Importer(2089858483,192608db42251d675da83286b1cce702) (ScriptedImporter) -> (artifact id: 'b98e6b1e9efe0587cd7263a1a066c37e') in 0.0255808 seconds
Number of updated asset objects reloaded before import = 0Number of asset objects unloaded after import = 10

========================================================================
Received Import Request.
  Time since last request: 0.000043 seconds.
  path: Assets/Boing/boing_01 - Default_MaskMap.png
  artifactKey: Guid(28149a2dd7f406d4d936c00ba82392c9) Importer(2089858483,192608db42251d675da83286b1cce702)
Start importing Assets/Boing/boing_01 - Default_MaskMap.png using Guid(28149a2dd7f406d4d936c00ba82392c9) Importer(2089858483,192608db42251d675da83286b1cce702) (ScriptedImporter) -> (artifact id: 'c09f0773a5bb4cfd5f9c1e4c53510cab') in 0.0411952 seconds
Number of updated asset objects reloaded before import = 0Number of asset objects unloaded after import = 1

========================================================================
Received Import Request.
  Time since last request: 0.000025 seconds.
  path: Assets/Meshes/Corridor1_Medium.obj
  artifactKey: Guid(2c729108983bd0549afd254831d405cc) Importer(2089858483,192608db42251d675da83286b1cce702)
Start importing Assets/Meshes/Corridor1_Medium.obj using Guid(2c729108983bd0549afd254831d405cc) Importer(2089858483,192608db42251d675da83286b1cce702) (ScriptedImporter) -> (artifact id: 'db81c347d01b826e27c8e70d7f8f3cfe') in 0.0346882 seconds
Number of updated asset objects reloaded before import = 0Number of asset objects unloaded after import = 22

========================================================================
Received Import Request.
  Time since last request: 0.000037 seconds.
  path: Assets/Materials/ColumnBase.mat
  artifactKey: Guid(e583fe3c3eaee804aae62ed0171202c4) Importer(2089858483,192608db42251d675da83286b1cce702)
Start importing Assets/Materials/ColumnBase.mat using Guid(e583fe3c3eaee804aae62ed0171202c4) Importer(2089858483,192608db42251d675da83286b1cce702) (ScriptedImporter) -> (artifact id: 'e7da1e6aad901d2a443c76f94f6c6115') in 0.0445804 seconds
Number of updated asset objects reloaded before import = 0Number of asset objects unloaded after import = 4

========================================================================
Received Import Request.
  Time since last request: 0.000033 seconds.
  path: Assets/Meshes/FloorTiles3.obj
  artifactKey: Guid(f009fd9a4c3f94c41a4ca803de0937c1) Importer(2089858483,192608db42251d675da83286b1cce702)
Start importing Assets/Meshes/FloorTiles3.obj using Guid(f009fd9a4c3f94c41a4ca803de0937c1) Importer(2089858483,192608db42251d675da83286b1cce702) (ScriptedImporter) -> (artifact id: '7b863649f3e60e56f728f061676cc502') in 0.0225712 seconds
Number of updated asset objects reloaded before import = 0Number of asset objects unloaded after import = 10

========================================================================
Received Import Request.
  Time since last request: 0.000050 seconds.
  path: Assets/Terrain/Barrier_barrier_MaskMap.png
  artifactKey: Guid(6b13bb8e242091446bd997d14232fed6) Importer(2089858483,192608db42251d675da83286b1cce702)
Start importing Assets/Terrain/Barrier_barrier_MaskMap.png using Guid(6b13bb8e242091446bd997d14232fed6) Importer(2089858483,192608db42251d675da83286b1cce702) (ScriptedImporter) -> (artifact id: '715764c98ae1e7d2d0e86b996a7a886a') in 0.0307416 seconds
Number of updated asset objects reloaded before import = 0Number of asset objects unloaded after import = 1

========================================================================
Received Import Request.
  Time since last request: 0.000029 seconds.
  path: Assets/Prefabs/Corridor1_Narrow_Turn.prefab
  artifactKey: Guid(98338ef20f216904c9971f9983ea3535) Importer(2089858483,192608db42251d675da83286b1cce702)
Start importing Assets/Prefabs/Corridor1_Narrow_Turn.prefab using Guid(98338ef20f216904c9971f9983ea3535) Importer(2089858483,192608db42251d675da83286b1cce702) (ScriptedImporter) -> (artifact id: '0001c54c27ee9823beace93fb5adc31a') in 0.0299747 seconds
Number of updated asset objects reloaded before import = 0Number of asset objects unloaded after import = 29

========================================================================
Received Import Request.
  Time since last request: 0.000020 seconds.
  path: Assets/Meshes/Corridor1_Narrow.obj
  artifactKey: Guid(d5f14e8905d30fe4c861990729c11da1) Importer(2089858483,192608db42251d675da83286b1cce702)
Start importing Assets/Meshes/Corridor1_Narrow.obj using Guid(d5f14e8905d30fe4c861990729c11da1) Importer(2089858483,192608db42251d675da83286b1cce702) (ScriptedImporter) -> (artifact id: 'd85e4e493fc372e9ad1492cf720ddf5c') in 0.0303113 seconds
Number of updated asset objects reloaded before import = 0Number of asset objects unloaded after import = 22

========================================================================
Received Import Request.
  Time since last request: 0.000024 seconds.
  path: Assets/Meshes/FloorTiles2.obj
  artifactKey: Guid(e39f989664c9fac438aa70291ee8e891) Importer(2089858483,192608db42251d675da83286b1cce702)
Start importing Assets/Meshes/FloorTiles2.obj using Guid(e39f989664c9fac438aa70291ee8e891) Importer(2089858483,192608db42251d675da83286b1cce702) (ScriptedImporter) -> (artifact id: '1f7fb1f20e1e1aee1c8496883249e0a9') in 0.0292544 seconds
Number of updated asset objects reloaded before import = 0Number of asset objects unloaded after import = 10

========================================================================
Received Import Request.
  Time since last request: 0.000049 seconds.
  path: Assets/Settings/Mobile_RPAsset.asset
  artifactKey: Guid(5e6cbd92db86f4b18aec3ed561671858) Importer(2089858483,192608db42251d675da83286b1cce702)
Start importing Assets/Settings/Mobile_RPAsset.asset using Guid(5e6cbd92db86f4b18aec3ed561671858) Importer(2089858483,192608db42251d675da83286b1cce702) (ScriptedImporter) -> (artifact id: '2b190ab7d31110628f2f5ba133dfba27') in 0.0681816 seconds
Number of updated asset objects reloaded before import = 0Number of asset objects unloaded after import = 2

========================================================================
Received Import Request.
  Time since last request: 0.000034 seconds.
  path: Assets/Meshes/Corridor1_Wide_Turn.obj
  artifactKey: Guid(29db7f2f093801846ac78e2021d6bff5) Importer(2089858483,192608db42251d675da83286b1cce702)
Start importing Assets/Meshes/Corridor1_Wide_Turn.obj using Guid(29db7f2f093801846ac78e2021d6bff5) Importer(2089858483,192608db42251d675da83286b1cce702) (ScriptedImporter) -> (artifact id: 'ba79b9cd45bebcc9088593e9d07765a9') in 0.0497179 seconds
Number of updated asset objects reloaded before import = 0Number of asset objects unloaded after import = 82

========================================================================
Received Import Request.
  Time since last request: 0.000032 seconds.
  path: Assets/Prefabs/Corridor1_Wide.prefab
  artifactKey: Guid(46a0ff0ef385a364a980f7c5ac8998c8) Importer(2089858483,192608db42251d675da83286b1cce702)
Start importing Assets/Prefabs/Corridor1_Wide.prefab using Guid(46a0ff0ef385a364a980f7c5ac8998c8) Importer(2089858483,192608db42251d675da83286b1cce702) (ScriptedImporter) -> (artifact id: '62ef55776505c462698bb94239a40202') in 0.0319609 seconds
Number of updated asset objects reloaded before import = 0Number of asset objects unloaded after import = 34

========================================================================
Received Import Request.
  Time since last request: 0.000022 seconds.
  path: Assets/Prefabs/Door1.prefab
  artifactKey: Guid(ceebc04483cf0cc4eb2930c523ffe92a) Importer(2089858483,192608db42251d675da83286b1cce702)
Start importing Assets/Prefabs/Door1.prefab using Guid(ceebc04483cf0cc4eb2930c523ffe92a) Importer(2089858483,192608db42251d675da83286b1cce702) (ScriptedImporter) -> (artifact id: 'c3f2ae548c41d9abf31ab21eb760fcc2') in 0.0289571 seconds
Number of updated asset objects reloaded before import = 0Number of asset objects unloaded after import = 9

========================================================================
Received Import Request.
  Time since last request: 0.000026 seconds.
  path: Assets/Settings/SampleSceneProfile.asset
  artifactKey: Guid(10fc4df2da32a41aaa32d77bc913491c) Importer(2089858483,192608db42251d675da83286b1cce702)
Start importing Assets/Settings/SampleSceneProfile.asset using Guid(10fc4df2da32a41aaa32d77bc913491c) Importer(2089858483,192608db42251d675da83286b1cce702) (ScriptedImporter) -> (artifact id: 'd4d2c45d7d7f33dad6b4b8a4418f5718') in 0.0167473 seconds
Number of updated asset objects reloaded before import = 0Number of asset objects unloaded after import = 1

========================================================================
Received Import Request.
  Time since last request: 0.000037 seconds.
  path: Assets/Prefabs/Room1_Simple_Small.prefab
  artifactKey: Guid(4d7654b0b6f7bce48921db65efb9e5ce) Importer(2089858483,192608db42251d675da83286b1cce702)
Start importing Assets/Prefabs/Room1_Simple_Small.prefab using Guid(4d7654b0b6f7bce48921db65efb9e5ce) Importer(2089858483,192608db42251d675da83286b1cce702) (ScriptedImporter) -> (artifact id: 'a2f8c637ed77f01c4dc30796377bc5ce') in 0.0410258 seconds
Number of updated asset objects reloaded before import = 0Number of asset objects unloaded after import = 89

========================================================================
Received Import Request.
  Time since last request: 0.000029 seconds.
  path: Assets/Prefabs/SpikeTrap.prefab
  artifactKey: Guid(5c9561d5610dd2f40af4b6f5486ea6a1) Importer(2089858483,192608db42251d675da83286b1cce702)
Start importing Assets/Prefabs/SpikeTrap.prefab using Guid(5c9561d5610dd2f40af4b6f5486ea6a1) Importer(2089858483,192608db42251d675da83286b1cce702) (ScriptedImporter) -> (artifact id: '36f5ce30a547a47fa037a31c783262e2') in 0.0431202 seconds
Number of updated asset objects reloaded before import = 0Number of asset objects unloaded after import = 9

========================================================================
Received Import Request.
  Time since last request: 0.000036 seconds.
  path: Assets/Boing/boing_01 - Default_Normal.png
  artifactKey: Guid(f7b5e7bcd1e977d4db08799ac4799edf) Importer(2089858483,192608db42251d675da83286b1cce702)
Start importing Assets/Boing/boing_01 - Default_Normal.png using Guid(f7b5e7bcd1e977d4db08799ac4799edf) Importer(2089858483,192608db42251d675da83286b1cce702) (ScriptedImporter) -> (artifact id: '46e0f68b0e00cee0693570b7afce4b61') in 0.0456568 seconds
Number of updated asset objects reloaded before import = 0Number of asset objects unloaded after import = 1

========================================================================
Received Import Request.
  Time since last request: 0.000030 seconds.
  path: Assets/Meshes/Wall1_H0.5.obj
  artifactKey: Guid(bf5ea38e6d8bc75419bc7283a9411721) Importer(2089858483,192608db42251d675da83286b1cce702)
Start importing Assets/Meshes/Wall1_H0.5.obj using Guid(bf5ea38e6d8bc75419bc7283a9411721) Importer(2089858483,192608db42251d675da83286b1cce702) (ScriptedImporter) -> (artifact id: 'd211a51316e120ac7965f4c6842880d1') in 0.0328101 seconds
Number of updated asset objects reloaded before import = 0Number of asset objects unloaded after import = 10

========================================================================
Received Import Request.
  Time since last request: 3.669991 seconds.
  path: Assets/Terrain/TexturesCom_Ground_SoilRocky2C_4x4_1K_albedo.tif
  artifactKey: Guid(0f80760ffe009d748a4abdaa89ee5ed6) Importer(2089858483,192608db42251d675da83286b1cce702)
Start importing Assets/Terrain/TexturesCom_Ground_SoilRocky2C_4x4_1K_albedo.tif using Guid(0f80760ffe009d748a4abdaa89ee5ed6) Importer(2089858483,192608db42251d675da83286b1cce702) (ScriptedImporter) -> (artifact id: '773b77368abc0d1662a8428d742a82d4') in 0.0482978 seconds
Number of updated asset objects reloaded before import = 0Number of asset objects unloaded after import = 1

========================================================================
Received Import Request.
  Time since last request: 0.000028 seconds.
  path: Assets/Textures/Spikes_08___Default_Normal.png
  artifactKey: Guid(75144fb6bbe8c2d45bce3e04206cc1ce) Importer(2089858483,192608db42251d675da83286b1cce702)
Start importing Assets/Textures/Spikes_08___Default_Normal.png using Guid(75144fb6bbe8c2d45bce3e04206cc1ce) Importer(2089858483,192608db42251d675da83286b1cce702) (ScriptedImporter) -> (artifact id: '96d771b1f211ee30c0aaac0aac4dd860') in 0.0337839 seconds
Number of updated asset objects reloaded before import = 0Number of asset objects unloaded after import = 1

========================================================================
Received Import Request.
  Time since last request: 0.000031 seconds.
  path: Assets/Textures/Door1_Door1_Normal.png
  artifactKey: Guid(eb7d5d30d97f24f45b759d3202488f1b) Importer(2089858483,192608db42251d675da83286b1cce702)
Start importing Assets/Textures/Door1_Door1_Normal.png using Guid(eb7d5d30d97f24f45b759d3202488f1b) Importer(2089858483,192608db42251d675da83286b1cce702) (ScriptedImporter) -> (artifact id: '03a7a3bedf3f2d3821cfe04904a5cab9') in 0.0283498 seconds
Number of updated asset objects reloaded before import = 0Number of asset objects unloaded after import = 1

========================================================================
Received Import Request.
  Time since last request: 0.000034 seconds.
  path: Assets/Textures/Spikes_08___Default_BaseMap.png
  artifactKey: Guid(c3c0517673cc75440bdc49c961f8905e) Importer(2089858483,192608db42251d675da83286b1cce702)
Start importing Assets/Textures/Spikes_08___Default_BaseMap.png using Guid(c3c0517673cc75440bdc49c961f8905e) Importer(2089858483,192608db42251d675da83286b1cce702) (ScriptedImporter) -> (artifact id: '191087a2443978bf6acc799debb83109') in 0.0285645 seconds
Number of updated asset objects reloaded before import = 0Number of asset objects unloaded after import = 1

========================================================================
Received Import Request.
  Time since last request: 0.000071 seconds.
  path: Assets/Textures/SpikeTrap_B.tga
  artifactKey: Guid(2965aa2a20bdea142a5d2d1602a9c7d7) Importer(2089858483,192608db42251d675da83286b1cce702)
Start importing Assets/Textures/SpikeTrap_B.tga using Guid(2965aa2a20bdea142a5d2d1602a9c7d7) Importer(2089858483,192608db42251d675da83286b1cce702) (ScriptedImporter) -> (artifact id: 'f60cc6eb7c9f43d9d0ce958df49fa8b7') in 0.0429878 seconds
Number of updated asset objects reloaded before import = 0Number of asset objects unloaded after import = 1

========================================================================
Received Import Request.
  Time since last request: 0.000047 seconds.
  path: Assets/TutorialInfo/Scripts/Readme.cs
  artifactKey: Guid(fcf7219bab7fe46a1ad266029b2fee19) Importer(2089858483,192608db42251d675da83286b1cce702)
Start importing Assets/TutorialInfo/Scripts/Readme.cs using Guid(fcf7219bab7fe46a1ad266029b2fee19) Importer(2089858483,192608db42251d675da83286b1cce702) (ScriptedImporter) -> (artifact id: 'dd4273285e83f676cc12b2c3ae2f04b1') in 0.0232188 seconds
Number of updated asset objects reloaded before import = 0Number of asset objects unloaded after import = 0

========================================================================
Received Import Request.
  Time since last request: 0.000030 seconds.
  path: Assets/TutorialInfo/Scripts/Editor/ReadmeEditor.cs
  artifactKey: Guid(476cc7d7cd9874016adc216baab94a0a) Importer(2089858483,192608db42251d675da83286b1cce702)
Start importing Assets/TutorialInfo/Scripts/Editor/ReadmeEditor.cs using Guid(476cc7d7cd9874016adc216baab94a0a) Importer(2089858483,192608db42251d675da83286b1cce702) (ScriptedImporter) -> (artifact id: 'd6c78c191132d6d3842b4bb5323969bf') in 0.0202001 seconds
Number of updated asset objects reloaded before import = 0Number of asset objects unloaded after import = 0

========================================================================
Received Import Request.
  Time since last request: 0.000027 seconds.
  path: Assets/Textures/SpikeTrap_T.tga
  artifactKey: Guid(76a3b3ffd2a061c40ae3802abb85df27) Importer(2089858483,192608db42251d675da83286b1cce702)
Start importing Assets/Textures/SpikeTrap_T.tga using Guid(76a3b3ffd2a061c40ae3802abb85df27) Importer(2089858483,192608db42251d675da83286b1cce702) (ScriptedImporter) -> (artifact id: '76fd95c123f49d211df13285e9d9e68b') in 0.0299906 seconds
Number of updated asset objects reloaded before import = 0Number of asset objects unloaded after import = 1

========================================================================
Received Import Request.
  Time since last request: 0.000050 seconds.
  path: Assets/Textures/Pedestal_B.tga
  artifactKey: Guid(b5fef4d361e696d4db2cb35677288b0e) Importer(2089858483,192608db42251d675da83286b1cce702)
Start importing Assets/Textures/Pedestal_B.tga using Guid(b5fef4d361e696d4db2cb35677288b0e) Importer(2089858483,192608db42251d675da83286b1cce702) (ScriptedImporter) -> (artifact id: 'dfb89e356e107586b2f17276ed3483b4') in 0.0344271 seconds
Number of updated asset objects reloaded before import = 0Number of asset objects unloaded after import = 1

========================================================================
Received Import Request.
  Time since last request: 0.000033 seconds.
  path: Assets/Textures/dwe_T.tga
  artifactKey: Guid(df284c82eb638154c99ea02c46f5bdc4) Importer(2089858483,192608db42251d675da83286b1cce702)
Start importing Assets/Textures/dwe_T.tga using Guid(df284c82eb638154c99ea02c46f5bdc4) Importer(2089858483,192608db42251d675da83286b1cce702) (ScriptedImporter) -> (artifact id: 'ddcaa6d016a8ee74ef8554b5ccd903d2') in 0.0384919 seconds
Number of updated asset objects reloaded before import = 0Number of asset objects unloaded after import = 1

========================================================================
Received Import Request.
  Time since last request: 0.000022 seconds.
  path: Assets/TutorialInfo/Layout.wlt
  artifactKey: Guid(eabc9546105bf4accac1fd62a63e88e6) Importer(2089858483,192608db42251d675da83286b1cce702)
Start importing Assets/TutorialInfo/Layout.wlt using Guid(eabc9546105bf4accac1fd62a63e88e6) Importer(2089858483,192608db42251d675da83286b1cce702) (ScriptedImporter) -> (artifact id: 'b3d8e159ae20f2430c95b4776035e8fd') in 0.018859 seconds
Number of updated asset objects reloaded before import = 0Number of asset objects unloaded after import = 1

========================================================================
Received Import Request.
  Time since last request: 0.000028 seconds.
  path: Assets/Textures/FloorTiles1_TileSet1_BaseMap.png
  artifactKey: Guid(3ffd8e6a5792f7146b6d6dc16e8b9338) Importer(2089858483,192608db42251d675da83286b1cce702)
Start importing Assets/Textures/FloorTiles1_TileSet1_BaseMap.png using Guid(3ffd8e6a5792f7146b6d6dc16e8b9338) Importer(2089858483,192608db42251d675da83286b1cce702) (ScriptedImporter) -> (artifact id: '4c8a44445cea407ee158feb3ca1bd50e') in 0.0245475 seconds
Number of updated asset objects reloaded before import = 0Number of asset objects unloaded after import = 1

========================================================================
Received Import Request.
  Time since last request: 0.000047 seconds.
  path: Assets/Textures/Column1_dwe_Normal.png
  artifactKey: Guid(681ba64046ca30c42901ddddab4d3df9) Importer(2089858483,192608db42251d675da83286b1cce702)
Start importing Assets/Textures/Column1_dwe_Normal.png using Guid(681ba64046ca30c42901ddddab4d3df9) Importer(2089858483,192608db42251d675da83286b1cce702) (ScriptedImporter) -> (artifact id: 'f13745fe610e5d11a1dc1a5a2d059fca') in 0.035261 seconds
Number of updated asset objects reloaded before import = 0Number of asset objects unloaded after import = 1

========================================================================
Received Import Request.
  Time since last request: 0.000032 seconds.
  path: Assets/Textures/Wall1_H1.0_Wall1_MaskMap.png
  artifactKey: Guid(767eff3ae0271274c9402be917599107) Importer(2089858483,192608db42251d675da83286b1cce702)
Start importing Assets/Textures/Wall1_H1.0_Wall1_MaskMap.png using Guid(767eff3ae0271274c9402be917599107) Importer(2089858483,192608db42251d675da83286b1cce702) (ScriptedImporter) -> (artifact id: 'ec9a9c7f41776f2ccd9029bc76f9a012') in 0.059076 seconds
Number of updated asset objects reloaded before import = 0Number of asset objects unloaded after import = 1

========================================================================
Received Import Request.
  Time since last request: 0.000039 seconds.
  path: Assets/Textures/Column1_dwe_BaseMap.png
  artifactKey: Guid(9c45a484e2f4e034f93c7822753c98d5) Importer(2089858483,192608db42251d675da83286b1cce702)
Start importing Assets/Textures/Column1_dwe_BaseMap.png using Guid(9c45a484e2f4e034f93c7822753c98d5) Importer(2089858483,192608db42251d675da83286b1cce702) (ScriptedImporter) -> (artifact id: 'cb15840adb815084669da858a4ae9c9b') in 0.0354285 seconds
Number of updated asset objects reloaded before import = 0Number of asset objects unloaded after import = 1

========================================================================
Received Import Request.
  Time since last request: 237.437733 seconds.
  path: Assets/Dungeon.unity
  artifactKey: Guid(8a24d1d0fdb038f488256e655162ba28) Importer(815301076,1909f56bfc062723c751e8b465ee728b)
Start importing Assets/Dungeon.unity using Guid(8a24d1d0fdb038f488256e655162ba28) Importer(815301076,1909f56bfc062723c751e8b465ee728b) (PreviewImporter) -> (artifact id: 'f86981448b1fad3e992a97a7a013d5a3') in 0.0257969 seconds
Number of updated asset objects reloaded before import = 0Number of asset objects unloaded after import = 0

