Using pre-set license
Built from '6000.0/staging' branch; Version is '6000.0.30f1 (62b05ba0686a) revision 6467675'; Using compiler version '193933523'; Build Type 'Release'
OS: 'Windows 11  (10.0.22631) 64bit Core' Language: 'el' Physical Memory: 7549 MB
BatchMode: 1, IsHumanControllingUs: 0, StartBugReporterOnCrash: 0, Is64bit: 1, IsPro: 1

COMMAND LINE ARGUMENTS:
C:\Program Files\Unity\Hub\Editor\6000.0.30f1\Editor\Unity.exe
-adb2
-batchMode
-noUpm
-name
AssetImportWorker0
-projectPath
C:/Users/anast/My project
-logFile
Logs/AssetImportWorker0.log
-srvPort
51295
-job-worker-count
5
-background-job-worker-count
8
-asset-garbage-collectors
1
Successfully changed project path to: C:/Users/anast/My project
C:/Users/anast/My project
[UnityMemory] Configuration Parameters - Can be set up in boot.config
    "memorysetup-bucket-allocator-granularity=16"
    "memorysetup-bucket-allocator-bucket-count=8"
    "memorysetup-bucket-allocator-block-size=33554432"
    "memorysetup-bucket-allocator-block-count=8"
    "memorysetup-main-allocator-block-size=16777216"
    "memorysetup-thread-allocator-block-size=16777216"
    "memorysetup-gfx-main-allocator-block-size=16777216"
    "memorysetup-gfx-thread-allocator-block-size=16777216"
    "memorysetup-cache-allocator-block-size=4194304"
    "memorysetup-typetree-allocator-block-size=2097152"
    "memorysetup-profiler-bucket-allocator-granularity=16"
    "memorysetup-profiler-bucket-allocator-bucket-count=8"
    "memorysetup-profiler-bucket-allocator-block-size=33554432"
    "memorysetup-profiler-bucket-allocator-block-count=8"
    "memorysetup-profiler-allocator-block-size=16777216"
    "memorysetup-profiler-editor-allocator-block-size=1048576"
    "memorysetup-temp-allocator-size-main=16777216"
    "memorysetup-job-temp-allocator-block-size=2097152"
    "memorysetup-job-temp-allocator-block-size-background=1048576"
    "memorysetup-job-temp-allocator-reduction-small-platforms=262144"
    "memorysetup-allocator-temp-initial-block-size-main=262144"
    "memorysetup-allocator-temp-initial-block-size-worker=262144"
    "memorysetup-temp-allocator-size-background-worker=32768"
    "memorysetup-temp-allocator-size-job-worker=262144"
    "memorysetup-temp-allocator-size-preload-manager=33554432"
    "memorysetup-temp-allocator-size-nav-mesh-worker=65536"
    "memorysetup-temp-allocator-size-audio-worker=65536"
    "memorysetup-temp-allocator-size-cloud-worker=32768"
    "memorysetup-temp-allocator-size-gi-baking-worker=262144"
    "memorysetup-temp-allocator-size-gi-baking-worker=262144"
    "memorysetup-temp-allocator-size-gi-baking-worker=262144"
    "memorysetup-temp-allocator-size-gi-baking-worker=262144"
    "memorysetup-temp-allocator-size-gi-baking-worker=262144"
    "memorysetup-temp-allocator-size-gfx=262144"
Player connection [27868]  Target information:

Player connection [27868]  * "[IP] 192.168.1.137 [Port] 0 [Flags] 2 [Guid] 3305713826 [EditorId] 3305713826 [Version] 1048832 [Id] WindowsEditor(7,anastasia) [Debug] 1 [PackageName] WindowsEditor [ProjectName] Editor" 

Player connection [27868] Host joined multi-casting on [225.0.0.222:54997]...
Player connection [27868] Host joined alternative multi-casting on [225.0.0.222:34997]...
JobSystem: Creating JobQueue using job-worker-count value 5
[Physics::Module] Initialized fallback backend.
[Physics::Module] Id: 0xdecafbad
Library Redirect Path: Library/
[Physics::Module] Selected backend.
[Physics::Module] Name: PhysX
[Physics::Module] Id: 0xf2b8ea05
[Physics::Module] SDK Version: 4.1.2
[Physics::Module] Integration Version: 1.0.0
[Physics::Module] Threading Mode: Multi-Threaded
Refreshing native plugins compatible for Editor in 209.31 ms, found 3 plugins.
Preloading 0 native plugins for Editor in 0.00 ms.
Initialize engine version: 6000.0.30f1 (62b05ba0686a)
[Subsystems] Discovering subsystems at path C:/Program Files/Unity/Hub/Editor/6000.0.30f1/Editor/Data/Resources/UnitySubsystems
[Subsystems] Discovering subsystems at path C:/Users/anast/My project/Assets
GfxDevice: creating device client; kGfxThreadingModeNonThreaded
Direct3D:
    Version:  Direct3D 11.0 [level 11.1]
    Renderer: AMD Radeon(TM) Graphics (ID=0x1636)
    Vendor:   ATI
    VRAM:     3774 MB
    Driver:   27.20.11022.14001
Initialize mono
Mono path[0] = 'C:/Program Files/Unity/Hub/Editor/6000.0.30f1/Editor/Data/Managed'
Mono path[1] = 'C:/Program Files/Unity/Hub/Editor/6000.0.30f1/Editor/Data/MonoBleedingEdge/lib/mono/unityjit-win32'
Mono config path = 'C:/Program Files/Unity/Hub/Editor/6000.0.30f1/Editor/Data/MonoBleedingEdge/etc'
Using monoOptions --debugger-agent=transport=dt_socket,embedding=1,server=y,suspend=n,address=127.0.0.1:56332
Begin MonoManager ReloadAssembly
Registering precompiled unity dll's ...
Register platform support module: C:/Program Files/Unity/Hub/Editor/6000.0.30f1/Editor/Data/PlaybackEngines/WebGLSupport/UnityEditor.WebGL.Extensions.dll
Register platform support module: C:/Program Files/Unity/Hub/Editor/6000.0.30f1/Editor/Data/PlaybackEngines/WindowsStandaloneSupport/UnityEditor.WindowsStandalone.Extensions.dll
Registered in 0.010371 seconds.
- Loaded All Assemblies, in  0.785 seconds
Native extension for WindowsStandalone target not found
Native extension for WebGL target not found
Mono: successfully reloaded assembly
- Finished resetting the current domain, in  0.645 seconds
Domain Reload Profiling: 1427ms
	BeginReloadAssembly (329ms)
		ExecutionOrderSort (0ms)
		DisableScriptedObjects (0ms)
		BackupInstance (0ms)
		ReleaseScriptingObjects (0ms)
		CreateAndSetChildDomain (2ms)
	RebuildCommonClasses (79ms)
	RebuildNativeTypeToScriptingClass (23ms)
	initialDomainReloadingComplete (102ms)
	LoadAllAssembliesAndSetupDomain (249ms)
		LoadAssemblies (324ms)
		RebuildTransferFunctionScriptingTraits (0ms)
		AnalyzeDomain (244ms)
			TypeCache.Refresh (242ms)
				TypeCache.ScanAssembly (217ms)
			BuildScriptInfoCaches (0ms)
			ResolveRequiredComponents (1ms)
	FinalizeReload (645ms)
		ReleaseScriptCaches (0ms)
		RebuildScriptCaches (0ms)
		SetupLoadedEditorAssemblies (557ms)
			LogAssemblyErrors (0ms)
			InitializePlatformSupportModulesInManaged (53ms)
			SetLoadedEditorAssemblies (14ms)
			BeforeProcessingInitializeOnLoad (177ms)
			ProcessInitializeOnLoadAttributes (219ms)
			ProcessInitializeOnLoadMethodAttributes (94ms)
			AfterProcessingInitializeOnLoad (0ms)
			EditorAssembliesLoaded (0ms)
		ExecutionOrderSort2 (0ms)
		AwakeInstancesAfterBackupRestoration (0ms)
========================================================================
Worker process is ready to serve import requests
Import Worker Mode flag is 0x00
Begin MonoManager ReloadAssembly
- Loaded All Assemblies, in  2.078 seconds
Refreshing native plugins compatible for Editor in 0.90 ms, found 3 plugins.
Native extension for WindowsStandalone target not found
Native extension for WebGL target not found
Mono: successfully reloaded assembly
- Finished resetting the current domain, in  1.097 seconds
Domain Reload Profiling: 3169ms
	BeginReloadAssembly (248ms)
		ExecutionOrderSort (0ms)
		DisableScriptedObjects (9ms)
		BackupInstance (0ms)
		ReleaseScriptingObjects (0ms)
		CreateAndSetChildDomain (39ms)
	RebuildCommonClasses (58ms)
	RebuildNativeTypeToScriptingClass (18ms)
	initialDomainReloadingComplete (47ms)
	LoadAllAssembliesAndSetupDomain (1699ms)
		LoadAssemblies (669ms)
		RebuildTransferFunctionScriptingTraits (0ms)
		AnalyzeDomain (1185ms)
			TypeCache.Refresh (1054ms)
				TypeCache.ScanAssembly (311ms)
			BuildScriptInfoCaches (113ms)
			ResolveRequiredComponents (15ms)
	FinalizeReload (1098ms)
		ReleaseScriptCaches (0ms)
		RebuildScriptCaches (0ms)
		SetupLoadedEditorAssemblies (869ms)
			LogAssemblyErrors (0ms)
			InitializePlatformSupportModulesInManaged (5ms)
			SetLoadedEditorAssemblies (9ms)
			BeforeProcessingInitializeOnLoad (174ms)
			ProcessInitializeOnLoadAttributes (562ms)
			ProcessInitializeOnLoadMethodAttributes (111ms)
			AfterProcessingInitializeOnLoad (7ms)
			EditorAssembliesLoaded (0ms)
		ExecutionOrderSort2 (0ms)
		AwakeInstancesAfterBackupRestoration (6ms)
Launched and connected shader compiler UnityShaderCompiler.exe after 0.02 seconds
Refreshing native plugins compatible for Editor in 2.64 ms, found 3 plugins.
Preloading 0 native plugins for Editor in 0.00 ms.
Unloading 197 Unused Serialized files (Serialized files now loaded: 0)
Unloading 5900 unused Assets / (4.8 MB). Loaded Objects now: 6566.
Memory consumption went from 156.2 MB to 151.4 MB.
Total: 17.211500 ms (FindLiveObjects: 1.429900 ms CreateObjectMapping: 1.561300 ms MarkObjects: 8.834900 ms  DeleteObjects: 5.381100 ms)

========================================================================
Received Import Request.
  Time since last request: 123924.761934 seconds.
  path: Assets/Readme.asset
  artifactKey: Guid(8105016687592461f977c054a80ce2f2) Importer(815301076,1909f56bfc062723c751e8b465ee728b)
Start importing Assets/Readme.asset using Guid(8105016687592461f977c054a80ce2f2) Importer(815301076,1909f56bfc062723c751e8b465ee728b) (PreviewImporter) -> (artifact id: '50ea5ad2cda8720781b90d71f311d8d1') in 0.0397463 seconds
Number of updated asset objects reloaded before import = 0Number of asset objects unloaded after import = 2

========================================================================
Received Prepare
Assembly with name 'Unity.PlasticSCM.Editor' already exists (Packages/com.unity.collab-proxy/Editor/PlasticSCM/Unity.PlasticSCM.Editor.asmdef)
Assembly with name 'Unity.PlasticSCM.Editor' already exists (Packages/com.unity.collab-proxy/Editor/Unity.PlasticSCM.Editor.asmdef)
Assembly with name 'Unity.CollabProxy.Editor' already exists (Packages/com.unity.collab-proxy/Editor/PlasticSCM/Toolbar/Unity.CollabProxy.Editor.asmdef)
Assembly with name 'Unity.CollabProxy.Editor' already exists (Packages/com.unity.collab-proxy/Editor/Toolbar/Unity.CollabProxy.Editor.asmdef)
Assembly with name 'Unity.PlasticSCM.Editor' already exists (Packages/com.unity.collab-proxy/Editor/PlasticSCM/Unity.PlasticSCM.Editor.asmdef)
Assembly with name 'Unity.PlasticSCM.Editor' already exists (Packages/com.unity.collab-proxy/Editor/Unity.PlasticSCM.Editor.asmdef)
Assembly with name 'Unity.CollabProxy.Editor' already exists (Packages/com.unity.collab-proxy/Editor/PlasticSCM/Toolbar/Unity.CollabProxy.Editor.asmdef)
Assembly with name 'Unity.CollabProxy.Editor' already exists (Packages/com.unity.collab-proxy/Editor/Toolbar/Unity.CollabProxy.Editor.asmdef)
Begin MonoManager ReloadAssembly
- Loaded All Assemblies, in  1.781 seconds
Assembly with name 'Unity.PlasticSCM.Editor' already exists (Packages/com.unity.collab-proxy/Editor/PlasticSCM/Unity.PlasticSCM.Editor.asmdef)
Assembly with name 'Unity.PlasticSCM.Editor' already exists (Packages/com.unity.collab-proxy/Editor/Unity.PlasticSCM.Editor.asmdef)
Assembly with name 'Unity.CollabProxy.Editor' already exists (Packages/com.unity.collab-proxy/Editor/PlasticSCM/Toolbar/Unity.CollabProxy.Editor.asmdef)
Assembly with name 'Unity.CollabProxy.Editor' already exists (Packages/com.unity.collab-proxy/Editor/Toolbar/Unity.CollabProxy.Editor.asmdef)
Refreshing native plugins compatible for Editor in 3.36 ms, found 3 plugins.
Native extension for WindowsStandalone target not found
Native extension for WebGL target not found
Assembly with name 'Unity.PlasticSCM.Editor' already exists (Packages/com.unity.collab-proxy/Editor/PlasticSCM/Unity.PlasticSCM.Editor.asmdef)
Assembly with name 'Unity.PlasticSCM.Editor' already exists (Packages/com.unity.collab-proxy/Editor/Unity.PlasticSCM.Editor.asmdef)
Assembly with name 'Unity.CollabProxy.Editor' already exists (Packages/com.unity.collab-proxy/Editor/PlasticSCM/Toolbar/Unity.CollabProxy.Editor.asmdef)
Assembly with name 'Unity.CollabProxy.Editor' already exists (Packages/com.unity.collab-proxy/Editor/Toolbar/Unity.CollabProxy.Editor.asmdef)
Mono: successfully reloaded assembly
- Finished resetting the current domain, in  1.259 seconds
Domain Reload Profiling: 3046ms
	BeginReloadAssembly (480ms)
		ExecutionOrderSort (2ms)
		DisableScriptedObjects (18ms)
		BackupInstance (0ms)
		ReleaseScriptingObjects (1ms)
		CreateAndSetChildDomain (154ms)
	RebuildCommonClasses (55ms)
	RebuildNativeTypeToScriptingClass (18ms)
	initialDomainReloadingComplete (41ms)
	LoadAllAssembliesAndSetupDomain (1191ms)
		LoadAssemblies (802ms)
		RebuildTransferFunctionScriptingTraits (0ms)
		AnalyzeDomain (593ms)
			TypeCache.Refresh (365ms)
				TypeCache.ScanAssembly (320ms)
			BuildScriptInfoCaches (205ms)
			ResolveRequiredComponents (18ms)
	FinalizeReload (1260ms)
		ReleaseScriptCaches (0ms)
		RebuildScriptCaches (0ms)
		SetupLoadedEditorAssemblies (865ms)
			LogAssemblyErrors (0ms)
			InitializePlatformSupportModulesInManaged (6ms)
			SetLoadedEditorAssemblies (6ms)
			BeforeProcessingInitializeOnLoad (141ms)
			ProcessInitializeOnLoadAttributes (631ms)
			ProcessInitializeOnLoadMethodAttributes (74ms)
			AfterProcessingInitializeOnLoad (6ms)
			EditorAssembliesLoaded (0ms)
		ExecutionOrderSort2 (0ms)
		AwakeInstancesAfterBackupRestoration (16ms)
Refreshing native plugins compatible for Editor in 3.35 ms, found 3 plugins.
Preloading 0 native plugins for Editor in 0.00 ms.
Unloading 23 Unused Serialized files (Serialized files now loaded: 0)
Unloading 5906 unused Assets / (4.2 MB). Loaded Objects now: 6594.
Memory consumption went from 141.0 MB to 136.8 MB.
Total: 18.203700 ms (FindLiveObjects: 1.609200 ms CreateObjectMapping: 1.506900 ms MarkObjects: 9.916200 ms  DeleteObjects: 4.932100 ms)

Prepare: number of updated asset objects reloaded= 0
========================================================================
Received Import Request.
  Time since last request: 366.995602 seconds.
  path: Assets/Prefabs/Arrow.prefab
  artifactKey: Guid(4b2ee482be5625d40a81c46327796eba) Importer(815301076,1909f56bfc062723c751e8b465ee728b)
Start importing Assets/Prefabs/Arrow.prefab using Guid(4b2ee482be5625d40a81c46327796eba) Importer(815301076,1909f56bfc062723c751e8b465ee728b) (PreviewImporter) -> (artifact id: '6b99d67b8fcb8a6df198684d22aa142a') in 3.8806994 seconds
Number of updated asset objects reloaded before import = 0Number of asset objects unloaded after import = 13

========================================================================
Received Import Request.
  Time since last request: 0.000445 seconds.
  path: Assets/Prefabs/FloorTiles3.prefab
  artifactKey: Guid(42750c5085f1a4f4f9aa470f1f3a6c84) Importer(815301076,1909f56bfc062723c751e8b465ee728b)
Start importing Assets/Prefabs/FloorTiles3.prefab using Guid(42750c5085f1a4f4f9aa470f1f3a6c84) Importer(815301076,1909f56bfc062723c751e8b465ee728b) (PreviewImporter) -> (artifact id: 'bc0dfdc9d94451dd84397df1f9105f51') in 0.0654388 seconds
Number of updated asset objects reloaded before import = 0Number of asset objects unloaded after import = 13

========================================================================
Received Import Request.
  Time since last request: 0.000072 seconds.
  path: Assets/Prefabs/Corridor1_Narrow.prefab
  artifactKey: Guid(2f8c26f68f0d0e94e9e1dab1e366c83f) Importer(815301076,1909f56bfc062723c751e8b465ee728b)
Start importing Assets/Prefabs/Corridor1_Narrow.prefab using Guid(2f8c26f68f0d0e94e9e1dab1e366c83f) Importer(815301076,1909f56bfc062723c751e8b465ee728b) (PreviewImporter) -> (artifact id: '0bbfc9dde8fd52a473c520e8c5fdc63f') in 0.0581605 seconds
Number of updated asset objects reloaded before import = 0Number of asset objects unloaded after import = 27

========================================================================
Received Import Request.
  Time since last request: 0.000072 seconds.
  path: Assets/Prefabs/Spikes.prefab
  artifactKey: Guid(8c6dffdad78abe94ba892a19c802ceab) Importer(815301076,1909f56bfc062723c751e8b465ee728b)
Start importing Assets/Prefabs/Spikes.prefab using Guid(8c6dffdad78abe94ba892a19c802ceab) Importer(815301076,1909f56bfc062723c751e8b465ee728b) (PreviewImporter) -> (artifact id: '0ed41bea92eed08e6841593db48c2db3') in 0.0437001 seconds
Number of updated asset objects reloaded before import = 0Number of asset objects unloaded after import = 33

========================================================================
Received Import Request.
  Time since last request: 0.000047 seconds.
  path: Assets/Prefabs/FloorTiles2.prefab
  artifactKey: Guid(2d7da7d91136eb64cb916b998fb404ac) Importer(815301076,1909f56bfc062723c751e8b465ee728b)
Start importing Assets/Prefabs/FloorTiles2.prefab using Guid(2d7da7d91136eb64cb916b998fb404ac) Importer(815301076,1909f56bfc062723c751e8b465ee728b) (PreviewImporter) -> (artifact id: '8ca5c6b6835dcaff36023e378f15b986') in 0.0380429 seconds
Number of updated asset objects reloaded before import = 0Number of asset objects unloaded after import = 13

========================================================================
Received Import Request.
  Time since last request: 0.000048 seconds.
  path: Assets/Prefabs/Corridor1_Narrow_Cross.prefab
  artifactKey: Guid(5ac92ce3cb93c7643b034a9c5af67408) Importer(815301076,1909f56bfc062723c751e8b465ee728b)
Start importing Assets/Prefabs/Corridor1_Narrow_Cross.prefab using Guid(5ac92ce3cb93c7643b034a9c5af67408) Importer(815301076,1909f56bfc062723c751e8b465ee728b) (PreviewImporter) -> (artifact id: 'b26364aac730f58c67ee3cbfa9bcb8ca') in 0.1127236 seconds
Number of updated asset objects reloaded before import = 0Number of asset objects unloaded after import = 105

========================================================================
Received Import Request.
  Time since last request: 0.000085 seconds.
  path: Assets/Prefabs/Wall1_Half_H1.0.prefab
  artifactKey: Guid(b67e9cfc15283d44fbdf2aece96192fc) Importer(815301076,1909f56bfc062723c751e8b465ee728b)
Start importing Assets/Prefabs/Wall1_Half_H1.0.prefab using Guid(b67e9cfc15283d44fbdf2aece96192fc) Importer(815301076,1909f56bfc062723c751e8b465ee728b) (PreviewImporter) -> (artifact id: '42d5f7fc55a5c0e33a7f8e32c09218f7') in 0.0325286 seconds
Number of updated asset objects reloaded before import = 0Number of asset objects unloaded after import = 13

========================================================================
Received Import Request.
  Time since last request: 0.000503 seconds.
  path: Assets/Prefabs/Corridor1_Wide_Turn.prefab
  artifactKey: Guid(f80296c7298cdbb478e25260f2eb2510) Importer(815301076,1909f56bfc062723c751e8b465ee728b)
Start importing Assets/Prefabs/Corridor1_Wide_Turn.prefab using Guid(f80296c7298cdbb478e25260f2eb2510) Importer(815301076,1909f56bfc062723c751e8b465ee728b) (PreviewImporter) -> (artifact id: 'e94dc47194a2e4ff60f801a50053b682') in 0.0564525 seconds
Number of updated asset objects reloaded before import = 0Number of asset objects unloaded after import = 89

========================================================================
Received Import Request.
  Time since last request: 0.000034 seconds.
  path: Assets/Prefabs/Wall1_H0.5.prefab
  artifactKey: Guid(86df73810bc30e84a81d31ab01381216) Importer(815301076,1909f56bfc062723c751e8b465ee728b)
Start importing Assets/Prefabs/Wall1_H0.5.prefab using Guid(86df73810bc30e84a81d31ab01381216) Importer(815301076,1909f56bfc062723c751e8b465ee728b) (PreviewImporter) -> (artifact id: 'c045a012c33021a05b0d2193122f7d51') in 0.0347102 seconds
Number of updated asset objects reloaded before import = 0Number of asset objects unloaded after import = 13

========================================================================
Received Import Request.
  Time since last request: 0.000058 seconds.
  path: Assets/Prefabs/Pedestal.prefab
  artifactKey: Guid(063f0d772f400d04bbc1b870c9ea7755) Importer(815301076,1909f56bfc062723c751e8b465ee728b)
Start importing Assets/Prefabs/Pedestal.prefab using Guid(063f0d772f400d04bbc1b870c9ea7755) Importer(815301076,1909f56bfc062723c751e8b465ee728b) (PreviewImporter) -> (artifact id: '5824ab9fca309df43d6a22bb7736c2a6') in 0.0871225 seconds
Number of updated asset objects reloaded before import = 0Number of asset objects unloaded after import = 25

========================================================================
Received Import Request.
  Time since last request: 0.000150 seconds.
  path: Assets/Prefabs/Room1_Simple_Medium.prefab
  artifactKey: Guid(946a35c76f6171f45ac33073c1426d93) Importer(815301076,1909f56bfc062723c751e8b465ee728b)
Start importing Assets/Prefabs/Room1_Simple_Medium.prefab using Guid(946a35c76f6171f45ac33073c1426d93) Importer(815301076,1909f56bfc062723c751e8b465ee728b) (PreviewImporter) -> (artifact id: '391e459fb6cabd362d6432c8bec6f635') in 0.0453895 seconds
Number of updated asset objects reloaded before import = 0Number of asset objects unloaded after import = 121

========================================================================
Received Import Request.
  Time since last request: 0.000187 seconds.
  path: Assets/Prefabs/GoldenDragon.prefab
  artifactKey: Guid(e873eb9263eba32478750e6f16d4bb38) Importer(815301076,1909f56bfc062723c751e8b465ee728b)
Start importing Assets/Prefabs/GoldenDragon.prefab using Guid(e873eb9263eba32478750e6f16d4bb38) Importer(815301076,1909f56bfc062723c751e8b465ee728b) (PreviewImporter) -> (artifact id: '83dac0c0ef8d16df4272981f0c5b9593') in 0.0345167 seconds
Number of updated asset objects reloaded before import = 0Number of asset objects unloaded after import = 10

========================================================================
Received Import Request.
  Time since last request: 0.000046 seconds.
  path: Assets/Prefabs/Door1.prefab
  artifactKey: Guid(ceebc04483cf0cc4eb2930c523ffe92a) Importer(815301076,1909f56bfc062723c751e8b465ee728b)
Start importing Assets/Prefabs/Door1.prefab using Guid(ceebc04483cf0cc4eb2930c523ffe92a) Importer(815301076,1909f56bfc062723c751e8b465ee728b) (PreviewImporter) -> (artifact id: '7b7218dab82f38483f1a3efd60f315fc') in 0.0556799 seconds
Number of updated asset objects reloaded before import = 0Number of asset objects unloaded after import = 13

========================================================================
Received Import Request.
  Time since last request: 0.000050 seconds.
  path: Assets/Prefabs/Corridor1_Narrow_Turn.prefab
  artifactKey: Guid(98338ef20f216904c9971f9983ea3535) Importer(815301076,1909f56bfc062723c751e8b465ee728b)
Start importing Assets/Prefabs/Corridor1_Narrow_Turn.prefab using Guid(98338ef20f216904c9971f9983ea3535) Importer(815301076,1909f56bfc062723c751e8b465ee728b) (PreviewImporter) -> (artifact id: '66cfda0b1737680b6d422b2762968917') in 0.0413088 seconds
Number of updated asset objects reloaded before import = 0Number of asset objects unloaded after import = 37

========================================================================
Received Import Request.
  Time since last request: 0.000061 seconds.
  path: Assets/Prefabs/SpikeTrap.prefab
  artifactKey: Guid(5c9561d5610dd2f40af4b6f5486ea6a1) Importer(815301076,1909f56bfc062723c751e8b465ee728b)
Start importing Assets/Prefabs/SpikeTrap.prefab using Guid(5c9561d5610dd2f40af4b6f5486ea6a1) Importer(815301076,1909f56bfc062723c751e8b465ee728b) (PreviewImporter) -> (artifact id: '5d3893378dd7cce3869964673f085a00') in 0.0372716 seconds
Number of updated asset objects reloaded before import = 0Number of asset objects unloaded after import = 12

========================================================================
Received Import Request.
  Time since last request: 0.000041 seconds.
  path: Assets/Prefabs/Wall1_H0.3.prefab
  artifactKey: Guid(ef40f53ca512f3749bd78828ec376d06) Importer(815301076,1909f56bfc062723c751e8b465ee728b)
Start importing Assets/Prefabs/Wall1_H0.3.prefab using Guid(ef40f53ca512f3749bd78828ec376d06) Importer(815301076,1909f56bfc062723c751e8b465ee728b) (PreviewImporter) -> (artifact id: '73061d2d8125817c50b231cd5eba39de') in 0.0350251 seconds
Number of updated asset objects reloaded before import = 0Number of asset objects unloaded after import = 13

========================================================================
Received Prepare
Refreshing native plugins compatible for Editor in 10.62 ms, found 3 plugins.
Preloading 0 native plugins for Editor in 0.00 ms.
Unloading 13 Unused Serialized files (Serialized files now loaded: 0)
Unloading 5901 unused Assets / (4.3 MB). Loaded Objects now: 6747.
Memory consumption went from 153.3 MB to 149.0 MB.
Total: 258.515100 ms (FindLiveObjects: 6.301400 ms CreateObjectMapping: 1.035600 ms MarkObjects: 246.072800 ms  DeleteObjects: 5.098000 ms)

Prepare: number of updated asset objects reloaded= 0
========================================================================
Received Prepare
Assembly with name 'Unity.PlasticSCM.Editor' already exists (Packages/com.unity.collab-proxy/Editor/PlasticSCM/Unity.PlasticSCM.Editor.asmdef)
Assembly with name 'Unity.PlasticSCM.Editor' already exists (Packages/com.unity.collab-proxy/Editor/Unity.PlasticSCM.Editor.asmdef)
Assembly with name 'Unity.CollabProxy.Editor' already exists (Packages/com.unity.collab-proxy/Editor/PlasticSCM/Toolbar/Unity.CollabProxy.Editor.asmdef)
Assembly with name 'Unity.CollabProxy.Editor' already exists (Packages/com.unity.collab-proxy/Editor/Toolbar/Unity.CollabProxy.Editor.asmdef)
Assembly with name 'Unity.PlasticSCM.Editor' already exists (Packages/com.unity.collab-proxy/Editor/PlasticSCM/Unity.PlasticSCM.Editor.asmdef)
Assembly with name 'Unity.PlasticSCM.Editor' already exists (Packages/com.unity.collab-proxy/Editor/Unity.PlasticSCM.Editor.asmdef)
Assembly with name 'Unity.CollabProxy.Editor' already exists (Packages/com.unity.collab-proxy/Editor/PlasticSCM/Toolbar/Unity.CollabProxy.Editor.asmdef)
Assembly with name 'Unity.CollabProxy.Editor' already exists (Packages/com.unity.collab-proxy/Editor/Toolbar/Unity.CollabProxy.Editor.asmdef)
Begin MonoManager ReloadAssembly
- Loaded All Assemblies, in  3.112 seconds
Assembly with name 'Unity.PlasticSCM.Editor' already exists (Packages/com.unity.collab-proxy/Editor/PlasticSCM/Unity.PlasticSCM.Editor.asmdef)
Assembly with name 'Unity.PlasticSCM.Editor' already exists (Packages/com.unity.collab-proxy/Editor/Unity.PlasticSCM.Editor.asmdef)
Assembly with name 'Unity.CollabProxy.Editor' already exists (Packages/com.unity.collab-proxy/Editor/PlasticSCM/Toolbar/Unity.CollabProxy.Editor.asmdef)
Assembly with name 'Unity.CollabProxy.Editor' already exists (Packages/com.unity.collab-proxy/Editor/Toolbar/Unity.CollabProxy.Editor.asmdef)
Refreshing native plugins compatible for Editor in 1.41 ms, found 3 plugins.
Native extension for WindowsStandalone target not found
Native extension for WebGL target not found
Assembly with name 'Unity.PlasticSCM.Editor' already exists (Packages/com.unity.collab-proxy/Editor/PlasticSCM/Unity.PlasticSCM.Editor.asmdef)
Assembly with name 'Unity.PlasticSCM.Editor' already exists (Packages/com.unity.collab-proxy/Editor/Unity.PlasticSCM.Editor.asmdef)
Assembly with name 'Unity.CollabProxy.Editor' already exists (Packages/com.unity.collab-proxy/Editor/PlasticSCM/Toolbar/Unity.CollabProxy.Editor.asmdef)
Assembly with name 'Unity.CollabProxy.Editor' already exists (Packages/com.unity.collab-proxy/Editor/Toolbar/Unity.CollabProxy.Editor.asmdef)
Mono: successfully reloaded assembly
- Finished resetting the current domain, in  1.002 seconds
Domain Reload Profiling: 4113ms
	BeginReloadAssembly (1195ms)
		ExecutionOrderSort (0ms)
		DisableScriptedObjects (205ms)
		BackupInstance (0ms)
		ReleaseScriptingObjects (1ms)
		CreateAndSetChildDomain (487ms)
	RebuildCommonClasses (72ms)
	RebuildNativeTypeToScriptingClass (16ms)
	initialDomainReloadingComplete (89ms)
	LoadAllAssembliesAndSetupDomain (1739ms)
		LoadAssemblies (1671ms)
		RebuildTransferFunctionScriptingTraits (0ms)
		AnalyzeDomain (365ms)
			TypeCache.Refresh (36ms)
				TypeCache.ScanAssembly (2ms)
			BuildScriptInfoCaches (288ms)
			ResolveRequiredComponents (18ms)
	FinalizeReload (1003ms)
		ReleaseScriptCaches (0ms)
		RebuildScriptCaches (0ms)
		SetupLoadedEditorAssemblies (709ms)
			LogAssemblyErrors (0ms)
			InitializePlatformSupportModulesInManaged (5ms)
			SetLoadedEditorAssemblies (8ms)
			BeforeProcessingInitializeOnLoad (130ms)
			ProcessInitializeOnLoadAttributes (474ms)
			ProcessInitializeOnLoadMethodAttributes (83ms)
			AfterProcessingInitializeOnLoad (8ms)
			EditorAssembliesLoaded (1ms)
		ExecutionOrderSort2 (0ms)
		AwakeInstancesAfterBackupRestoration (20ms)
Refreshing native plugins compatible for Editor in 1.23 ms, found 3 plugins.
Preloading 0 native plugins for Editor in 0.00 ms.
Unloading 13 Unused Serialized files (Serialized files now loaded: 0)
Unloading 5908 unused Assets / (4.5 MB). Loaded Objects now: 6629.
Memory consumption went from 149.0 MB to 144.5 MB.
Total: 11.968600 ms (FindLiveObjects: 0.953200 ms CreateObjectMapping: 1.204800 ms MarkObjects: 5.583300 ms  DeleteObjects: 4.224900 ms)

Prepare: number of updated asset objects reloaded= 0
========================================================================
Received Import Request.
  Time since last request: 468.877888 seconds.
  path: Assets/Boing/boing_01 - Default_BaseMap.png
  artifactKey: Guid(534c9ff3453e8c642a1bacf83a3f6ad7) Importer(815301076,1909f56bfc062723c751e8b465ee728b)
Start importing Assets/Boing/boing_01 - Default_BaseMap.png using Guid(534c9ff3453e8c642a1bacf83a3f6ad7) Importer(815301076,1909f56bfc062723c751e8b465ee728b) (PreviewImporter) -> (artifact id: '8b7b2ac8f5c9538fd531045a28737d6f') in 0.1697337 seconds
Number of updated asset objects reloaded before import = 0Number of asset objects unloaded after import = 2

========================================================================
Received Import Request.
  Time since last request: 0.000032 seconds.
  path: Assets/Boing/boing_01 - Default_MaskMap.png
  artifactKey: Guid(28149a2dd7f406d4d936c00ba82392c9) Importer(815301076,1909f56bfc062723c751e8b465ee728b)
Start importing Assets/Boing/boing_01 - Default_MaskMap.png using Guid(28149a2dd7f406d4d936c00ba82392c9) Importer(815301076,1909f56bfc062723c751e8b465ee728b) (PreviewImporter) -> (artifact id: '1e590dc91feed5adc249d80245ca23e9') in 0.032954 seconds
Number of updated asset objects reloaded before import = 0Number of asset objects unloaded after import = 2

========================================================================
Received Import Request.
  Time since last request: 0.000033 seconds.
  path: Assets/Boing/boing_01 - Default_Normal.png
  artifactKey: Guid(f7b5e7bcd1e977d4db08799ac4799edf) Importer(815301076,1909f56bfc062723c751e8b465ee728b)
Start importing Assets/Boing/boing_01 - Default_Normal.png using Guid(f7b5e7bcd1e977d4db08799ac4799edf) Importer(815301076,1909f56bfc062723c751e8b465ee728b) (PreviewImporter) -> (artifact id: '0cbff4f6211aae17e81974568980b062') in 0.0278471 seconds
Number of updated asset objects reloaded before import = 0Number of asset objects unloaded after import = 2

========================================================================
Received Import Request.
  Time since last request: 0.000018 seconds.
  path: Assets/Boing/boing_01 - Default_Emissive.png
  artifactKey: Guid(ca72c6f46a0d013479150166a8b6e814) Importer(815301076,1909f56bfc062723c751e8b465ee728b)
Start importing Assets/Boing/boing_01 - Default_Emissive.png using Guid(ca72c6f46a0d013479150166a8b6e814) Importer(815301076,1909f56bfc062723c751e8b465ee728b) (PreviewImporter) -> (artifact id: 'd8eb0a93d969d2378a9a57b3330c8f4e') in 0.0244092 seconds
Number of updated asset objects reloaded before import = 0Number of asset objects unloaded after import = 2

========================================================================
Received Import Request.
  Time since last request: 43.984237 seconds.
  path: Assets/Terrain/Barrier_barrier_BaseMap.png
  artifactKey: Guid(67b8401827f406749a704bcf620217d4) Importer(815301076,1909f56bfc062723c751e8b465ee728b)
Start importing Assets/Terrain/Barrier_barrier_BaseMap.png using Guid(67b8401827f406749a704bcf620217d4) Importer(815301076,1909f56bfc062723c751e8b465ee728b) (PreviewImporter) -> (artifact id: '8c4745ccd583c04c1e9d9f46d2d6c2da') in 0.0396802 seconds
Number of updated asset objects reloaded before import = 0Number of asset objects unloaded after import = 2

========================================================================
Received Import Request.
  Time since last request: 0.000041 seconds.
  path: Assets/Terrain/TexturesCom_Ground_SoilRocky2C_4x4_1K_normal.tif
  artifactKey: Guid(ff1c42cf5193759409799d69884f241f) Importer(815301076,1909f56bfc062723c751e8b465ee728b)
Start importing Assets/Terrain/TexturesCom_Ground_SoilRocky2C_4x4_1K_normal.tif using Guid(ff1c42cf5193759409799d69884f241f) Importer(815301076,1909f56bfc062723c751e8b465ee728b) (PreviewImporter) -> (artifact id: 'bfc89415a4be5e40515299f8eb877f02') in 0.0302088 seconds
Number of updated asset objects reloaded before import = 0Number of asset objects unloaded after import = 2

========================================================================
Received Import Request.
  Time since last request: 0.000041 seconds.
  path: Assets/Terrain/Grass2_t.tif
  artifactKey: Guid(201cb803130643d41b78e4cf109a6516) Importer(815301076,1909f56bfc062723c751e8b465ee728b)
Start importing Assets/Terrain/Grass2_t.tif using Guid(201cb803130643d41b78e4cf109a6516) Importer(815301076,1909f56bfc062723c751e8b465ee728b) (PreviewImporter) -> (artifact id: '2435b617b0d8a8160e2000cf24418ee5') in 0.0244431 seconds
Number of updated asset objects reloaded before import = 0Number of asset objects unloaded after import = 2

========================================================================
Received Import Request.
  Time since last request: 0.000052 seconds.
  path: Assets/Terrain/Barrier_barrier_Normal.png
  artifactKey: Guid(d177ced431d3c7345be392445afd66dd) Importer(815301076,1909f56bfc062723c751e8b465ee728b)
Start importing Assets/Terrain/Barrier_barrier_Normal.png using Guid(d177ced431d3c7345be392445afd66dd) Importer(815301076,1909f56bfc062723c751e8b465ee728b) (PreviewImporter) -> (artifact id: '6fb5a9be04e38175eb431902519c154f') in 0.0248073 seconds
Number of updated asset objects reloaded before import = 0Number of asset objects unloaded after import = 2

========================================================================
Received Prepare
Assembly with name 'Unity.PlasticSCM.Editor' already exists (Packages/com.unity.collab-proxy/Editor/PlasticSCM/Unity.PlasticSCM.Editor.asmdef)
Assembly with name 'Unity.PlasticSCM.Editor' already exists (Packages/com.unity.collab-proxy/Editor/Unity.PlasticSCM.Editor.asmdef)
Assembly with name 'Unity.CollabProxy.Editor' already exists (Packages/com.unity.collab-proxy/Editor/PlasticSCM/Toolbar/Unity.CollabProxy.Editor.asmdef)
Assembly with name 'Unity.CollabProxy.Editor' already exists (Packages/com.unity.collab-proxy/Editor/Toolbar/Unity.CollabProxy.Editor.asmdef)
Assembly with name 'Unity.PlasticSCM.Editor' already exists (Packages/com.unity.collab-proxy/Editor/PlasticSCM/Unity.PlasticSCM.Editor.asmdef)
Assembly with name 'Unity.PlasticSCM.Editor' already exists (Packages/com.unity.collab-proxy/Editor/Unity.PlasticSCM.Editor.asmdef)
Assembly with name 'Unity.CollabProxy.Editor' already exists (Packages/com.unity.collab-proxy/Editor/PlasticSCM/Toolbar/Unity.CollabProxy.Editor.asmdef)
Assembly with name 'Unity.CollabProxy.Editor' already exists (Packages/com.unity.collab-proxy/Editor/Toolbar/Unity.CollabProxy.Editor.asmdef)
Begin MonoManager ReloadAssembly
- Loaded All Assemblies, in  8.700 seconds
Assembly with name 'Unity.PlasticSCM.Editor' already exists (Packages/com.unity.collab-proxy/Editor/PlasticSCM/Unity.PlasticSCM.Editor.asmdef)
Assembly with name 'Unity.PlasticSCM.Editor' already exists (Packages/com.unity.collab-proxy/Editor/Unity.PlasticSCM.Editor.asmdef)
Assembly with name 'Unity.CollabProxy.Editor' already exists (Packages/com.unity.collab-proxy/Editor/PlasticSCM/Toolbar/Unity.CollabProxy.Editor.asmdef)
Assembly with name 'Unity.CollabProxy.Editor' already exists (Packages/com.unity.collab-proxy/Editor/Toolbar/Unity.CollabProxy.Editor.asmdef)
Refreshing native plugins compatible for Editor in 1.80 ms, found 3 plugins.
Assertion failed on expression: 'pred(*previous, *i)'
Assertion failed on expression: 'pred(*previous, *i)'
Native extension for WindowsStandalone target not found
Native extension for WebGL target not found
Assembly with name 'Unity.PlasticSCM.Editor' already exists (Packages/com.unity.collab-proxy/Editor/PlasticSCM/Unity.PlasticSCM.Editor.asmdef)
Assembly with name 'Unity.PlasticSCM.Editor' already exists (Packages/com.unity.collab-proxy/Editor/Unity.PlasticSCM.Editor.asmdef)
Assembly with name 'Unity.CollabProxy.Editor' already exists (Packages/com.unity.collab-proxy/Editor/PlasticSCM/Toolbar/Unity.CollabProxy.Editor.asmdef)
Assembly with name 'Unity.CollabProxy.Editor' already exists (Packages/com.unity.collab-proxy/Editor/Toolbar/Unity.CollabProxy.Editor.asmdef)
Mono: successfully reloaded assembly
- Finished resetting the current domain, in  1.787 seconds
Domain Reload Profiling: 10500ms
	BeginReloadAssembly (2682ms)
		ExecutionOrderSort (0ms)
		DisableScriptedObjects (208ms)
		BackupInstance (0ms)
		ReleaseScriptingObjects (3ms)
		CreateAndSetChildDomain (1327ms)
	RebuildCommonClasses (315ms)
	RebuildNativeTypeToScriptingClass (22ms)
	initialDomainReloadingComplete (71ms)
	LoadAllAssembliesAndSetupDomain (5621ms)
		LoadAssemblies (5517ms)
		RebuildTransferFunctionScriptingTraits (0ms)
		AnalyzeDomain (756ms)
			TypeCache.Refresh (45ms)
				TypeCache.ScanAssembly (0ms)
			BuildScriptInfoCaches (655ms)
			ResolveRequiredComponents (38ms)
	FinalizeReload (1790ms)
		ReleaseScriptCaches (0ms)
		RebuildScriptCaches (0ms)
		SetupLoadedEditorAssemblies (1119ms)
			LogAssemblyErrors (0ms)
			InitializePlatformSupportModulesInManaged (12ms)
			SetLoadedEditorAssemblies (12ms)
			BeforeProcessingInitializeOnLoad (216ms)
			ProcessInitializeOnLoadAttributes (779ms)
			ProcessInitializeOnLoadMethodAttributes (90ms)
			AfterProcessingInitializeOnLoad (7ms)
			EditorAssembliesLoaded (2ms)
		ExecutionOrderSort2 (0ms)
		AwakeInstancesAfterBackupRestoration (26ms)
Refreshing native plugins compatible for Editor in 2.97 ms, found 3 plugins.
Preloading 0 native plugins for Editor in 0.00 ms.
Unloading 13 Unused Serialized files (Serialized files now loaded: 0)
Unloading 5908 unused Assets / (4.2 MB). Loaded Objects now: 6633.
Memory consumption went from 148.9 MB to 144.6 MB.
Total: 33.650600 ms (FindLiveObjects: 2.008000 ms CreateObjectMapping: 2.545200 ms MarkObjects: 18.336600 ms  DeleteObjects: 10.479000 ms)

Prepare: number of updated asset objects reloaded= 0
========================================================================
Received Prepare
Assembly with name 'Unity.PlasticSCM.Editor' already exists (Packages/com.unity.collab-proxy/Editor/PlasticSCM/Unity.PlasticSCM.Editor.asmdef)
Assembly with name 'Unity.PlasticSCM.Editor' already exists (Packages/com.unity.collab-proxy/Editor/Unity.PlasticSCM.Editor.asmdef)
Assembly with name 'Unity.CollabProxy.Editor' already exists (Packages/com.unity.collab-proxy/Editor/PlasticSCM/Toolbar/Unity.CollabProxy.Editor.asmdef)
Assembly with name 'Unity.CollabProxy.Editor' already exists (Packages/com.unity.collab-proxy/Editor/Toolbar/Unity.CollabProxy.Editor.asmdef)
Assembly with name 'Unity.PlasticSCM.Editor' already exists (Packages/com.unity.collab-proxy/Editor/PlasticSCM/Unity.PlasticSCM.Editor.asmdef)
Assembly with name 'Unity.PlasticSCM.Editor' already exists (Packages/com.unity.collab-proxy/Editor/Unity.PlasticSCM.Editor.asmdef)
Assembly with name 'Unity.CollabProxy.Editor' already exists (Packages/com.unity.collab-proxy/Editor/PlasticSCM/Toolbar/Unity.CollabProxy.Editor.asmdef)
Assembly with name 'Unity.CollabProxy.Editor' already exists (Packages/com.unity.collab-proxy/Editor/Toolbar/Unity.CollabProxy.Editor.asmdef)
Begin MonoManager ReloadAssembly
- Loaded All Assemblies, in  1.022 seconds
Assembly with name 'Unity.PlasticSCM.Editor' already exists (Packages/com.unity.collab-proxy/Editor/PlasticSCM/Unity.PlasticSCM.Editor.asmdef)
Assembly with name 'Unity.PlasticSCM.Editor' already exists (Packages/com.unity.collab-proxy/Editor/Unity.PlasticSCM.Editor.asmdef)
Assembly with name 'Unity.CollabProxy.Editor' already exists (Packages/com.unity.collab-proxy/Editor/PlasticSCM/Toolbar/Unity.CollabProxy.Editor.asmdef)
Assembly with name 'Unity.CollabProxy.Editor' already exists (Packages/com.unity.collab-proxy/Editor/Toolbar/Unity.CollabProxy.Editor.asmdef)
Refreshing native plugins compatible for Editor in 1.26 ms, found 3 plugins.
Assertion failed on expression: 'pred(*previous, *i)'
Assertion failed on expression: 'pred(*previous, *i)'
Native extension for WindowsStandalone target not found
Native extension for WebGL target not found
Assembly with name 'Unity.PlasticSCM.Editor' already exists (Packages/com.unity.collab-proxy/Editor/PlasticSCM/Unity.PlasticSCM.Editor.asmdef)
Assembly with name 'Unity.PlasticSCM.Editor' already exists (Packages/com.unity.collab-proxy/Editor/Unity.PlasticSCM.Editor.asmdef)
Assembly with name 'Unity.CollabProxy.Editor' already exists (Packages/com.unity.collab-proxy/Editor/PlasticSCM/Toolbar/Unity.CollabProxy.Editor.asmdef)
Assembly with name 'Unity.CollabProxy.Editor' already exists (Packages/com.unity.collab-proxy/Editor/Toolbar/Unity.CollabProxy.Editor.asmdef)
Mono: successfully reloaded assembly
- Finished resetting the current domain, in  1.998 seconds
Domain Reload Profiling: 3030ms
	BeginReloadAssembly (322ms)
		ExecutionOrderSort (0ms)
		DisableScriptedObjects (9ms)
		BackupInstance (0ms)
		ReleaseScriptingObjects (0ms)
		CreateAndSetChildDomain (86ms)
	RebuildCommonClasses (44ms)
	RebuildNativeTypeToScriptingClass (15ms)
	initialDomainReloadingComplete (34ms)
	LoadAllAssembliesAndSetupDomain (616ms)
		LoadAssemblies (524ms)
		RebuildTransferFunctionScriptingTraits (0ms)
		AnalyzeDomain (233ms)
			TypeCache.Refresh (8ms)
				TypeCache.ScanAssembly (0ms)
			BuildScriptInfoCaches (204ms)
			ResolveRequiredComponents (15ms)
	FinalizeReload (1998ms)
		ReleaseScriptCaches (0ms)
		RebuildScriptCaches (0ms)
		SetupLoadedEditorAssemblies (1522ms)
			LogAssemblyErrors (0ms)
			InitializePlatformSupportModulesInManaged (6ms)
			SetLoadedEditorAssemblies (12ms)
			BeforeProcessingInitializeOnLoad (336ms)
			ProcessInitializeOnLoadAttributes (1042ms)
			ProcessInitializeOnLoadMethodAttributes (115ms)
			AfterProcessingInitializeOnLoad (10ms)
			EditorAssembliesLoaded (1ms)
		ExecutionOrderSort2 (0ms)
		AwakeInstancesAfterBackupRestoration (26ms)
Refreshing native plugins compatible for Editor in 3.13 ms, found 3 plugins.
Preloading 0 native plugins for Editor in 0.00 ms.
Unloading 13 Unused Serialized files (Serialized files now loaded: 0)
Unloading 5908 unused Assets / (4.3 MB). Loaded Objects now: 6635.
Memory consumption went from 148.9 MB to 144.5 MB.
Total: 16.913200 ms (FindLiveObjects: 1.623200 ms CreateObjectMapping: 2.178300 ms MarkObjects: 8.452100 ms  DeleteObjects: 4.656800 ms)

Prepare: number of updated asset objects reloaded= 0
========================================================================
Received Import Request.
  Time since last request: 3599.155773 seconds.
  path: Assets/Materials/Column.mat
  artifactKey: Guid(ef62b2b99f9fa0e4abfb6047c3693f91) Importer(815301076,1909f56bfc062723c751e8b465ee728b)
Start importing Assets/Materials/Column.mat using Guid(ef62b2b99f9fa0e4abfb6047c3693f91) Importer(815301076,1909f56bfc062723c751e8b465ee728b) (PreviewImporter) -> (artifact id: '731154799d5a29289f065a83ed95883f') in 3.8814921 seconds
Number of updated asset objects reloaded before import = 0Number of asset objects unloaded after import = 4

========================================================================
Received Import Request.
  Time since last request: 0.000393 seconds.
  path: Assets/Materials/Gold.mat
  artifactKey: Guid(0f5a57051e9a0a14aa39012c0dfc8978) Importer(815301076,1909f56bfc062723c751e8b465ee728b)
Start importing Assets/Materials/Gold.mat using Guid(0f5a57051e9a0a14aa39012c0dfc8978) Importer(815301076,1909f56bfc062723c751e8b465ee728b) (PreviewImporter) -> (artifact id: '09636f5ab7364e77b55e18c834cefcbb') in 0.0218729 seconds
Number of updated asset objects reloaded before import = 0Number of asset objects unloaded after import = 1

========================================================================
Received Import Request.
  Time since last request: 0.000059 seconds.
  path: Assets/Materials/Door.mat
  artifactKey: Guid(e21336690bab52549bcb917a17b96ffa) Importer(815301076,1909f56bfc062723c751e8b465ee728b)
Start importing Assets/Materials/Door.mat using Guid(e21336690bab52549bcb917a17b96ffa) Importer(815301076,1909f56bfc062723c751e8b465ee728b) (PreviewImporter) -> (artifact id: '6db87f02f3f1faa9ff9564e86de9ae16') in 0.0809235 seconds
Number of updated asset objects reloaded before import = 0Number of asset objects unloaded after import = 4

========================================================================
Received Import Request.
  Time since last request: 0.000053 seconds.
  path: Assets/Materials/Wall.mat
  artifactKey: Guid(45eacf061cdd5f34bba787d6f1368d25) Importer(815301076,1909f56bfc062723c751e8b465ee728b)
Start importing Assets/Materials/Wall.mat using Guid(45eacf061cdd5f34bba787d6f1368d25) Importer(815301076,1909f56bfc062723c751e8b465ee728b) (PreviewImporter) -> (artifact id: 'bdd9aed7b8b127a4f3d6f57c1597279b') in 0.0654638 seconds
Number of updated asset objects reloaded before import = 0Number of asset objects unloaded after import = 4

========================================================================
Received Import Request.
  Time since last request: 0.000044 seconds.
  path: Assets/Materials/Pedestal.mat
  artifactKey: Guid(fceb4f1647bcda4478415a4395cc814e) Importer(815301076,1909f56bfc062723c751e8b465ee728b)
Start importing Assets/Materials/Pedestal.mat using Guid(fceb4f1647bcda4478415a4395cc814e) Importer(815301076,1909f56bfc062723c751e8b465ee728b) (PreviewImporter) -> (artifact id: '860163dde730fc206bbcef6578d37089') in 0.0461643 seconds
Number of updated asset objects reloaded before import = 0Number of asset objects unloaded after import = 3

========================================================================
Received Import Request.
  Time since last request: 0.000064 seconds.
  path: Assets/Materials/FloorTile2.mat
  artifactKey: Guid(e0dc0c35d08c16545a7ddc945c60c859) Importer(815301076,1909f56bfc062723c751e8b465ee728b)
Start importing Assets/Materials/FloorTile2.mat using Guid(e0dc0c35d08c16545a7ddc945c60c859) Importer(815301076,1909f56bfc062723c751e8b465ee728b) (PreviewImporter) -> (artifact id: '8021473c1a60edf883b6de7eef0c6de8') in 0.0555718 seconds
Number of updated asset objects reloaded before import = 0Number of asset objects unloaded after import = 4

========================================================================
Received Import Request.
  Time since last request: 1.032185 seconds.
  path: Assets/Meshes/Arrow.obj
  artifactKey: Guid(427d5cfd66e0bbe4baa8dc337a14f173) Importer(815301076,1909f56bfc062723c751e8b465ee728b)
Start importing Assets/Meshes/Arrow.obj using Guid(427d5cfd66e0bbe4baa8dc337a14f173) Importer(815301076,1909f56bfc062723c751e8b465ee728b) (PreviewImporter) -> (artifact id: 'd85863e22494e7abe71b9d0b92cd239a') in 8.2643909 seconds
Number of updated asset objects reloaded before import = 0Number of asset objects unloaded after import = 10

========================================================================
Received Import Request.
  Time since last request: 0.000131 seconds.
  path: Assets/Meshes/Corridor1_Wide_Turn.obj
  artifactKey: Guid(29db7f2f093801846ac78e2021d6bff5) Importer(815301076,1909f56bfc062723c751e8b465ee728b)
Start importing Assets/Meshes/Corridor1_Wide_Turn.obj using Guid(29db7f2f093801846ac78e2021d6bff5) Importer(815301076,1909f56bfc062723c751e8b465ee728b) (PreviewImporter) -> (artifact id: '676da8e4a3e435685d24b4b1508ec94a') in 0.4828129 seconds
Number of updated asset objects reloaded before import = 0Number of asset objects unloaded after import = 82

========================================================================
Received Import Request.
  Time since last request: 0.000056 seconds.
  path: Assets/Meshes/Doorway1_Extension.obj
  artifactKey: Guid(67810c35b8660414b855399e5b8c5463) Importer(815301076,1909f56bfc062723c751e8b465ee728b)
Start importing Assets/Meshes/Doorway1_Extension.obj using Guid(67810c35b8660414b855399e5b8c5463) Importer(815301076,1909f56bfc062723c751e8b465ee728b) (PreviewImporter) -> (artifact id: '3dd8ccb5e2651a7e3e62871d1df73903') in 0.0521692 seconds
Number of updated asset objects reloaded before import = 0Number of asset objects unloaded after import = 10

========================================================================
Received Import Request.
  Time since last request: 0.000041 seconds.
  path: Assets/Meshes/Wall1_Half_H1.0.obj
  artifactKey: Guid(7ddc3546fe2cbb14381ba0dee607a83d) Importer(815301076,1909f56bfc062723c751e8b465ee728b)
Start importing Assets/Meshes/Wall1_Half_H1.0.obj using Guid(7ddc3546fe2cbb14381ba0dee607a83d) Importer(815301076,1909f56bfc062723c751e8b465ee728b) (PreviewImporter) -> (artifact id: 'e124cea4a849191c611efd8b11379c2f') in 0.0643942 seconds
Number of updated asset objects reloaded before import = 0Number of asset objects unloaded after import = 10

========================================================================
Received Import Request.
  Time since last request: 0.000044 seconds.
  path: Assets/Meshes/Corridor1_Narrow.obj
  artifactKey: Guid(d5f14e8905d30fe4c861990729c11da1) Importer(815301076,1909f56bfc062723c751e8b465ee728b)
Start importing Assets/Meshes/Corridor1_Narrow.obj using Guid(d5f14e8905d30fe4c861990729c11da1) Importer(815301076,1909f56bfc062723c751e8b465ee728b) (PreviewImporter) -> (artifact id: '970be37b3baf1e3c0c1fa59dbe3ac52c') in 0.1176866 seconds
Number of updated asset objects reloaded before import = 0Number of asset objects unloaded after import = 22

========================================================================
Received Import Request.
  Time since last request: 0.000048 seconds.
  path: Assets/Meshes/Wall1_H0.5.obj
  artifactKey: Guid(bf5ea38e6d8bc75419bc7283a9411721) Importer(815301076,1909f56bfc062723c751e8b465ee728b)
Start importing Assets/Meshes/Wall1_H0.5.obj using Guid(bf5ea38e6d8bc75419bc7283a9411721) Importer(815301076,1909f56bfc062723c751e8b465ee728b) (PreviewImporter) -> (artifact id: '7b3a30929ecf140b42f3c13143490afc') in 0.0487191 seconds
Number of updated asset objects reloaded before import = 0Number of asset objects unloaded after import = 10

========================================================================
Received Import Request.
  Time since last request: 0.000058 seconds.
  path: Assets/Meshes/FloorTiles1.obj
  artifactKey: Guid(06d6ae72d1935074a87aa46e71514236) Importer(815301076,1909f56bfc062723c751e8b465ee728b)
Start importing Assets/Meshes/FloorTiles1.obj using Guid(06d6ae72d1935074a87aa46e71514236) Importer(815301076,1909f56bfc062723c751e8b465ee728b) (PreviewImporter) -> (artifact id: 'bf69277ce2615ebffb18c84ff44c0828') in 0.0500254 seconds
Number of updated asset objects reloaded before import = 0Number of asset objects unloaded after import = 10

========================================================================
Received Import Request.
  Time since last request: 0.000127 seconds.
  path: Assets/Meshes/Corridor1_Medium_T_Junction.obj
  artifactKey: Guid(0da22248c4becf64393416dc296de686) Importer(815301076,1909f56bfc062723c751e8b465ee728b)
Start importing Assets/Meshes/Corridor1_Medium_T_Junction.obj using Guid(0da22248c4becf64393416dc296de686) Importer(815301076,1909f56bfc062723c751e8b465ee728b) (PreviewImporter) -> (artifact id: '5b54e25f19f8681a671bd7bcf7e02f9a') in 0.3519885 seconds
Number of updated asset objects reloaded before import = 0Number of asset objects unloaded after import = 82

========================================================================
Received Import Request.
  Time since last request: 0.000075 seconds.
  path: Assets/Meshes/Corridor1_Narrow_T_Junction.obj
  artifactKey: Guid(9c6a851ca2aa09149a4b8a5fc996478a) Importer(815301076,1909f56bfc062723c751e8b465ee728b)
Start importing Assets/Meshes/Corridor1_Narrow_T_Junction.obj using Guid(9c6a851ca2aa09149a4b8a5fc996478a) Importer(815301076,1909f56bfc062723c751e8b465ee728b) (PreviewImporter) -> (artifact id: '75460cde7da41e94ad87783c44592d73') in 0.3662937 seconds
Number of updated asset objects reloaded before import = 0Number of asset objects unloaded after import = 82

========================================================================
Received Import Request.
  Time since last request: 0.000056 seconds.
  path: Assets/Meshes/FloorTiles3.obj
  artifactKey: Guid(f009fd9a4c3f94c41a4ca803de0937c1) Importer(815301076,1909f56bfc062723c751e8b465ee728b)
Start importing Assets/Meshes/FloorTiles3.obj using Guid(f009fd9a4c3f94c41a4ca803de0937c1) Importer(815301076,1909f56bfc062723c751e8b465ee728b) (PreviewImporter) -> (artifact id: 'f0962da283ecb066e12203f9c9ccd2fb') in 0.0498048 seconds
Number of updated asset objects reloaded before import = 0Number of asset objects unloaded after import = 10

========================================================================
Received Import Request.
  Time since last request: 0.000073 seconds.
  path: Assets/Meshes/Wall1_H0.3.obj
  artifactKey: Guid(5c0255e9f14d93642999a3bd1d35f50d) Importer(815301076,1909f56bfc062723c751e8b465ee728b)
Start importing Assets/Meshes/Wall1_H0.3.obj using Guid(5c0255e9f14d93642999a3bd1d35f50d) Importer(815301076,1909f56bfc062723c751e8b465ee728b) (PreviewImporter) -> (artifact id: 'd6fb6b1bc10e35a2c00a986d80a28109') in 0.0473048 seconds
Number of updated asset objects reloaded before import = 0Number of asset objects unloaded after import = 10

========================================================================
Received Import Request.
  Time since last request: 0.000047 seconds.
  path: Assets/Meshes/Well.obj
  artifactKey: Guid(8115a1dd791fb21429a29ce32e1a3c62) Importer(815301076,1909f56bfc062723c751e8b465ee728b)
Start importing Assets/Meshes/Well.obj using Guid(8115a1dd791fb21429a29ce32e1a3c62) Importer(815301076,1909f56bfc062723c751e8b465ee728b) (PreviewImporter) -> (artifact id: 'b6d0d8e95d465b20cb850ab2b3006e2e') in 0.0616089 seconds
Number of updated asset objects reloaded before import = 0Number of asset objects unloaded after import = 10

========================================================================
Received Import Request.
  Time since last request: 0.000077 seconds.
  path: Assets/Meshes/Wall1_Half_H0.3.obj
  artifactKey: Guid(cd6e357ad836e734fa027ea882ee55eb) Importer(815301076,1909f56bfc062723c751e8b465ee728b)
Start importing Assets/Meshes/Wall1_Half_H0.3.obj using Guid(cd6e357ad836e734fa027ea882ee55eb) Importer(815301076,1909f56bfc062723c751e8b465ee728b) (PreviewImporter) -> (artifact id: 'c07e488a00eb715a558139eb3a8c3c8f') in 0.0534972 seconds
Number of updated asset objects reloaded before import = 0Number of asset objects unloaded after import = 10

========================================================================
Received Import Request.
  Time since last request: 0.000059 seconds.
  path: Assets/Meshes/FloorTiles2.obj
  artifactKey: Guid(e39f989664c9fac438aa70291ee8e891) Importer(815301076,1909f56bfc062723c751e8b465ee728b)
Start importing Assets/Meshes/FloorTiles2.obj using Guid(e39f989664c9fac438aa70291ee8e891) Importer(815301076,1909f56bfc062723c751e8b465ee728b) (PreviewImporter) -> (artifact id: '6234476fa8400915d090e1efc44ac182') in 0.0647146 seconds
Number of updated asset objects reloaded before import = 0Number of asset objects unloaded after import = 10

========================================================================
Received Import Request.
  Time since last request: 0.000040 seconds.
  path: Assets/Meshes/Corridor1_Wide.obj
  artifactKey: Guid(58df962946b01f446b68043ba09f322d) Importer(815301076,1909f56bfc062723c751e8b465ee728b)
Start importing Assets/Meshes/Corridor1_Wide.obj using Guid(58df962946b01f446b68043ba09f322d) Importer(815301076,1909f56bfc062723c751e8b465ee728b) (PreviewImporter) -> (artifact id: 'd18fb89d8d003c752c9757a110e1f64e') in 0.2126061 seconds
Number of updated asset objects reloaded before import = 0Number of asset objects unloaded after import = 40

========================================================================
Received Import Request.
  Time since last request: 0.000065 seconds.
  path: Assets/Meshes/GoldenDragon.obj
  artifactKey: Guid(59469adaa585afd4bb7b37cf74cc7431) Importer(815301076,1909f56bfc062723c751e8b465ee728b)
Start importing Assets/Meshes/GoldenDragon.obj using Guid(59469adaa585afd4bb7b37cf74cc7431) Importer(815301076,1909f56bfc062723c751e8b465ee728b) (PreviewImporter) -> (artifact id: 'f1c4e4eec045997003d894dd5de2e4e3') in 0.0609226 seconds
Number of updated asset objects reloaded before import = 0Number of asset objects unloaded after import = 10

========================================================================
Received Import Request.
  Time since last request: 1762.028099 seconds.
  path: Assets/Settings/DefaultVolumeProfile.asset
  artifactKey: Guid(ab09877e2e707104187f6f83e2f62510) Importer(815301076,1909f56bfc062723c751e8b465ee728b)
Start importing Assets/Settings/DefaultVolumeProfile.asset using Guid(ab09877e2e707104187f6f83e2f62510) Importer(815301076,1909f56bfc062723c751e8b465ee728b) (PreviewImporter) -> (artifact id: '10528149371aefc32227726816d72a59') in 0.1628876 seconds
Number of updated asset objects reloaded before import = 0Number of asset objects unloaded after import = 0

========================================================================
Received Import Request.
  Time since last request: 0.002368 seconds.
  path: Assets/Settings/SampleSceneProfile.asset
  artifactKey: Guid(10fc4df2da32a41aaa32d77bc913491c) Importer(815301076,1909f56bfc062723c751e8b465ee728b)
Start importing Assets/Settings/SampleSceneProfile.asset using Guid(10fc4df2da32a41aaa32d77bc913491c) Importer(815301076,1909f56bfc062723c751e8b465ee728b) (PreviewImporter) -> (artifact id: 'b72c935079ba95563e246d02d57d535f') in 0.009369 seconds
Number of updated asset objects reloaded before import = 0Number of asset objects unloaded after import = 0

========================================================================
Received Import Request.
  Time since last request: 0.000094 seconds.
  path: Assets/Settings/Mobile_RPAsset.asset
  artifactKey: Guid(5e6cbd92db86f4b18aec3ed561671858) Importer(815301076,1909f56bfc062723c751e8b465ee728b)
Start importing Assets/Settings/Mobile_RPAsset.asset using Guid(5e6cbd92db86f4b18aec3ed561671858) Importer(815301076,1909f56bfc062723c751e8b465ee728b) (PreviewImporter) -> (artifact id: '8aef1b5780e7730518d46eb0d392eb05') in 0.1759346 seconds
Number of updated asset objects reloaded before import = 0Number of asset objects unloaded after import = 2

========================================================================
Received Import Request.
  Time since last request: 205.561110 seconds.
  path: Assets/Dungeon.unity
  artifactKey: Guid(8a24d1d0fdb038f488256e655162ba28) Importer(2089858483,192608db42251d675da83286b1cce702)
Start importing Assets/Dungeon.unity using Guid(8a24d1d0fdb038f488256e655162ba28) Importer(2089858483,192608db42251d675da83286b1cce702) (ScriptedImporter) -> (artifact id: '68784552ea2f72d118bb1ba20300ed62') in 1.6933672 seconds
Number of updated asset objects reloaded before import = 0Number of asset objects unloaded after import = 1

========================================================================
Received Import Request.
  Time since last request: 0.000753 seconds.
  path: Assets/Settings/PC_RPAsset.asset
  artifactKey: Guid(4b83569d67af61e458304325a23e5dfd) Importer(2089858483,192608db42251d675da83286b1cce702)
Start importing Assets/Settings/PC_RPAsset.asset using Guid(4b83569d67af61e458304325a23e5dfd) Importer(2089858483,192608db42251d675da83286b1cce702) (ScriptedImporter) -> (artifact id: '9513de964773137c2f75e33adf38e798') in 0.3113623 seconds
Number of updated asset objects reloaded before import = 0Number of asset objects unloaded after import = 1

========================================================================
Received Import Request.
  Time since last request: 0.000052 seconds.
  path: Assets/Meshes/Pedestal.obj
  artifactKey: Guid(2fead91f7f0f13140b5b28a97b666ee9) Importer(2089858483,192608db42251d675da83286b1cce702)
Start importing Assets/Meshes/Pedestal.obj using Guid(2fead91f7f0f13140b5b28a97b666ee9) Importer(2089858483,192608db42251d675da83286b1cce702) (ScriptedImporter) -> (artifact id: 'a05fcc142cbcafaa65e88e7d297c19ec') in 0.1233835 seconds
Number of updated asset objects reloaded before import = 0Number of asset objects unloaded after import = 22

========================================================================
Received Import Request.
  Time since last request: 0.000044 seconds.
  path: Assets/Prefabs/Corridor1_Medium_Turn.prefab
  artifactKey: Guid(c0e4b702123edf44ead4f50eb3dec381) Importer(2089858483,192608db42251d675da83286b1cce702)
Start importing Assets/Prefabs/Corridor1_Medium_Turn.prefab using Guid(c0e4b702123edf44ead4f50eb3dec381) Importer(2089858483,192608db42251d675da83286b1cce702) (ScriptedImporter) -> (artifact id: 'e8fe2d7d24b11fa52b27a6229d5d6c69') in 0.0570133 seconds
Number of updated asset objects reloaded before import = 0Number of asset objects unloaded after import = 24

========================================================================
Received Import Request.
  Time since last request: 0.000040 seconds.
  path: Assets/Prefabs/Pedestal.prefab
  artifactKey: Guid(063f0d772f400d04bbc1b870c9ea7755) Importer(2089858483,192608db42251d675da83286b1cce702)
Start importing Assets/Prefabs/Pedestal.prefab using Guid(063f0d772f400d04bbc1b870c9ea7755) Importer(2089858483,192608db42251d675da83286b1cce702) (ScriptedImporter) -> (artifact id: '5192d190fc82da8970a0d5ab4c15b2f8') in 0.0380323 seconds
Number of updated asset objects reloaded before import = 0Number of asset objects unloaded after import = 19

========================================================================
Received Import Request.
  Time since last request: 0.000052 seconds.
  path: Assets/Prefabs/Wall1_H0.5.prefab
  artifactKey: Guid(86df73810bc30e84a81d31ab01381216) Importer(2089858483,192608db42251d675da83286b1cce702)
Start importing Assets/Prefabs/Wall1_H0.5.prefab using Guid(86df73810bc30e84a81d31ab01381216) Importer(2089858483,192608db42251d675da83286b1cce702) (ScriptedImporter) -> (artifact id: '4d68a2485eb95bac682704e3a5bf5628') in 0.0459371 seconds
Number of updated asset objects reloaded before import = 0Number of asset objects unloaded after import = 9

========================================================================
Received Import Request.
  Time since last request: 0.000029 seconds.
  path: Assets/Prefabs/Corridor1_Medium_T_Junction.prefab
  artifactKey: Guid(b24236553fd4a5f49af1266eb6ecb578) Importer(2089858483,192608db42251d675da83286b1cce702)
Start importing Assets/Prefabs/Corridor1_Medium_T_Junction.prefab using Guid(b24236553fd4a5f49af1266eb6ecb578) Importer(2089858483,192608db42251d675da83286b1cce702) (ScriptedImporter) -> (artifact id: 'a1d5f44dc320206465a89a5035404f0f') in 0.1300831 seconds
Number of updated asset objects reloaded before import = 0Number of asset objects unloaded after import = 69

========================================================================
Received Import Request.
  Time since last request: 0.000060 seconds.
  path: Assets/Terrain/Barrier_barrier_Normal.png
  artifactKey: Guid(d177ced431d3c7345be392445afd66dd) Importer(2089858483,192608db42251d675da83286b1cce702)
Start importing Assets/Terrain/Barrier_barrier_Normal.png using Guid(d177ced431d3c7345be392445afd66dd) Importer(2089858483,192608db42251d675da83286b1cce702) (ScriptedImporter) -> (artifact id: '21e5ca58e6b85b2099898bfb587135b1') in 0.1274511 seconds
Number of updated asset objects reloaded before import = 0Number of asset objects unloaded after import = 1

========================================================================
Received Import Request.
  Time since last request: 0.000053 seconds.
  path: Assets/Terrain/Barrier.fbx
  artifactKey: Guid(e6f8b11e3a7a04244bcf2422e02ffce5) Importer(2089858483,192608db42251d675da83286b1cce702)
Start importing Assets/Terrain/Barrier.fbx using Guid(e6f8b11e3a7a04244bcf2422e02ffce5) Importer(2089858483,192608db42251d675da83286b1cce702) (ScriptedImporter) -> (artifact id: '8ce50756c93b7d7b6150b4b49764af28') in 0.7352213 seconds
Number of updated asset objects reloaded before import = 0Number of asset objects unloaded after import = 25

========================================================================
Received Import Request.
  Time since last request: 0.000066 seconds.
  path: Assets/Settings/DefaultVolumeProfile.asset
  artifactKey: Guid(ab09877e2e707104187f6f83e2f62510) Importer(2089858483,192608db42251d675da83286b1cce702)
Start importing Assets/Settings/DefaultVolumeProfile.asset using Guid(ab09877e2e707104187f6f83e2f62510) Importer(2089858483,192608db42251d675da83286b1cce702) (ScriptedImporter) -> (artifact id: 'b9446831e3a199977b54b6cececcb374') in 0.041191 seconds
Number of updated asset objects reloaded before import = 0Number of asset objects unloaded after import = 0

========================================================================
Received Import Request.
  Time since last request: 0.000071 seconds.
  path: Assets/Meshes/GoldenDragon.obj
  artifactKey: Guid(59469adaa585afd4bb7b37cf74cc7431) Importer(2089858483,192608db42251d675da83286b1cce702)
Start importing Assets/Meshes/GoldenDragon.obj using Guid(59469adaa585afd4bb7b37cf74cc7431) Importer(2089858483,192608db42251d675da83286b1cce702) (ScriptedImporter) -> (artifact id: 'b4e5ef78a336c5c80a0237a5edb22ec8') in 0.0416641 seconds
Number of updated asset objects reloaded before import = 0Number of asset objects unloaded after import = 10

========================================================================
Received Import Request.
  Time since last request: 0.000042 seconds.
  path: Assets/Meshes/Wall1_H1.0.obj
  artifactKey: Guid(2db3b31ced8a0074da1893b52547975d) Importer(2089858483,192608db42251d675da83286b1cce702)
Start importing Assets/Meshes/Wall1_H1.0.obj using Guid(2db3b31ced8a0074da1893b52547975d) Importer(2089858483,192608db42251d675da83286b1cce702) (ScriptedImporter) -> (artifact id: '223423d981ce35da767da227e7dda6b2') in 0.035561 seconds
Number of updated asset objects reloaded before import = 0Number of asset objects unloaded after import = 10

========================================================================
Received Import Request.
  Time since last request: 0.000032 seconds.
  path: Assets/Boing/Boing.fbx
  artifactKey: Guid(147c3e62756b18a448583910a88f1457) Importer(2089858483,192608db42251d675da83286b1cce702)
Start importing Assets/Boing/Boing.fbx using Guid(147c3e62756b18a448583910a88f1457) Importer(2089858483,192608db42251d675da83286b1cce702) (ScriptedImporter) -> (artifact id: '7e594624236c959b231b5d3024ab3c8f') in 0.12529 seconds
Number of updated asset objects reloaded before import = 0Number of asset objects unloaded after import = 33

========================================================================
Received Import Request.
  Time since last request: 0.000051 seconds.
  path: Assets/Meshes/SpikeTrap.obj
  artifactKey: Guid(310bdc95e98e45c46bad586647148514) Importer(2089858483,192608db42251d675da83286b1cce702)
Start importing Assets/Meshes/SpikeTrap.obj using Guid(310bdc95e98e45c46bad586647148514) Importer(2089858483,192608db42251d675da83286b1cce702) (ScriptedImporter) -> (artifact id: 'a50a53b220a94a2a2525eb8fde0c6de2') in 0.0288656 seconds
Number of updated asset objects reloaded before import = 0Number of asset objects unloaded after import = 10

========================================================================
Received Import Request.
  Time since last request: 0.000038 seconds.
  path: Assets/Meshes/Wall1_H0.3.obj
  artifactKey: Guid(5c0255e9f14d93642999a3bd1d35f50d) Importer(2089858483,192608db42251d675da83286b1cce702)
Start importing Assets/Meshes/Wall1_H0.3.obj using Guid(5c0255e9f14d93642999a3bd1d35f50d) Importer(2089858483,192608db42251d675da83286b1cce702) (ScriptedImporter) -> (artifact id: 'cb54966ca7d19f33fcd7b0e5fc59631e') in 0.0247224 seconds
Number of updated asset objects reloaded before import = 0Number of asset objects unloaded after import = 10

========================================================================
Received Import Request.
  Time since last request: 0.000027 seconds.
  path: Assets/New Terrain.asset
  artifactKey: Guid(54824eecb39eb8b43bc8faa2359acb2f) Importer(2089858483,192608db42251d675da83286b1cce702)
Start importing Assets/New Terrain.asset using Guid(54824eecb39eb8b43bc8faa2359acb2f) Importer(2089858483,192608db42251d675da83286b1cce702) (ScriptedImporter) -> (artifact id: '3905bc1b14f9a7fc6f671885379c3bc5') in 0.0477559 seconds
Number of updated asset objects reloaded before import = 0Number of asset objects unloaded after import = 1

========================================================================
Received Import Request.
  Time since last request: 0.000056 seconds.
  path: Assets/Prefabs/Wall1_Half_H1.0.prefab
  artifactKey: Guid(b67e9cfc15283d44fbdf2aece96192fc) Importer(2089858483,192608db42251d675da83286b1cce702)
Start importing Assets/Prefabs/Wall1_Half_H1.0.prefab using Guid(b67e9cfc15283d44fbdf2aece96192fc) Importer(2089858483,192608db42251d675da83286b1cce702) (ScriptedImporter) -> (artifact id: 'd09c1cc76c838bcd4dbfee48c8ade9da') in 0.028667 seconds
Number of updated asset objects reloaded before import = 0Number of asset objects unloaded after import = 9

========================================================================
Received Import Request.
  Time since last request: 0.000030 seconds.
  path: Assets/Scripts/CameraMotionController.cs
  artifactKey: Guid(0836bb67bef3c334d93b282a16637c68) Importer(2089858483,192608db42251d675da83286b1cce702)
Start importing Assets/Scripts/CameraMotionController.cs using Guid(0836bb67bef3c334d93b282a16637c68) Importer(2089858483,192608db42251d675da83286b1cce702) (ScriptedImporter) -> (artifact id: 'e8110008fcd6a825e8942a8e3fec0269') in 0.0177114 seconds
Number of updated asset objects reloaded before import = 0Number of asset objects unloaded after import = 0

========================================================================
Received Import Request.
  Time since last request: 0.000039 seconds.
  path: Assets/Materials/Gold.mat
  artifactKey: Guid(0f5a57051e9a0a14aa39012c0dfc8978) Importer(2089858483,192608db42251d675da83286b1cce702)
Start importing Assets/Materials/Gold.mat using Guid(0f5a57051e9a0a14aa39012c0dfc8978) Importer(2089858483,192608db42251d675da83286b1cce702) (ScriptedImporter) -> (artifact id: 'a61715fef892ad0331b7f507800d1bb1') in 0.0221126 seconds
Number of updated asset objects reloaded before import = 0Number of asset objects unloaded after import = 1

========================================================================
Received Import Request.
  Time since last request: 0.000044 seconds.
  path: Assets/Prefabs/Arrow.prefab
  artifactKey: Guid(4b2ee482be5625d40a81c46327796eba) Importer(2089858483,192608db42251d675da83286b1cce702)
Start importing Assets/Prefabs/Arrow.prefab using Guid(4b2ee482be5625d40a81c46327796eba) Importer(2089858483,192608db42251d675da83286b1cce702) (ScriptedImporter) -> (artifact id: 'b00dc81445c118ec40a8c464cb15e98c') in 0.0269027 seconds
Number of updated asset objects reloaded before import = 0Number of asset objects unloaded after import = 9

========================================================================
Received Import Request.
  Time since last request: 0.000029 seconds.
  path: Assets/Scenes/SampleScene.unity
  artifactKey: Guid(99c9720ab356a0642a771bea13969a05) Importer(2089858483,192608db42251d675da83286b1cce702)
Start importing Assets/Scenes/SampleScene.unity using Guid(99c9720ab356a0642a771bea13969a05) Importer(2089858483,192608db42251d675da83286b1cce702) (ScriptedImporter) -> (artifact id: '4fbd31c6c83591b63eb777763d322723') in 0.0307731 seconds
Number of updated asset objects reloaded before import = 0Number of asset objects unloaded after import = 1

========================================================================
Received Import Request.
  Time since last request: 0.000031 seconds.
  path: Assets/Terrain/Barrier_barrier_BaseMap.png
  artifactKey: Guid(67b8401827f406749a704bcf620217d4) Importer(2089858483,192608db42251d675da83286b1cce702)
Start importing Assets/Terrain/Barrier_barrier_BaseMap.png using Guid(67b8401827f406749a704bcf620217d4) Importer(2089858483,192608db42251d675da83286b1cce702) (ScriptedImporter) -> (artifact id: 'f4a375db1cfc16dfbeb21e23c1282f20') in 0.0316564 seconds
Number of updated asset objects reloaded before import = 0Number of asset objects unloaded after import = 1

========================================================================
Received Import Request.
  Time since last request: 0.000039 seconds.
  path: Assets/Meshes/Doorway1_Side.obj
  artifactKey: Guid(288fd0d2a32781c46a73b79cf5864287) Importer(2089858483,192608db42251d675da83286b1cce702)
Start importing Assets/Meshes/Doorway1_Side.obj using Guid(288fd0d2a32781c46a73b79cf5864287) Importer(2089858483,192608db42251d675da83286b1cce702) (ScriptedImporter) -> (artifact id: '88d0c66ee5e0c1ff2271a622dabee003') in 0.0329488 seconds
Number of updated asset objects reloaded before import = 0Number of asset objects unloaded after import = 16

========================================================================
Received Import Request.
  Time since last request: 0.000036 seconds.
  path: Assets/Prefabs/Column1.prefab
  artifactKey: Guid(4ef4c9a07fbe4ef47b5488ee07afe2f9) Importer(2089858483,192608db42251d675da83286b1cce702)
Start importing Assets/Prefabs/Column1.prefab using Guid(4ef4c9a07fbe4ef47b5488ee07afe2f9) Importer(2089858483,192608db42251d675da83286b1cce702) (ScriptedImporter) -> (artifact id: '569c8686da389ad0df09cdb9362dc172') in 0.0299747 seconds
Number of updated asset objects reloaded before import = 0Number of asset objects unloaded after import = 19

========================================================================
Received Import Request.
  Time since last request: 0.000061 seconds.
  path: Assets/Prefabs/Wall1_Pillar_H1.0.prefab
  artifactKey: Guid(ba0ddb3d1b17306419b0b74e2a4ccbb2) Importer(2089858483,192608db42251d675da83286b1cce702)
Start importing Assets/Prefabs/Wall1_Pillar_H1.0.prefab using Guid(ba0ddb3d1b17306419b0b74e2a4ccbb2) Importer(2089858483,192608db42251d675da83286b1cce702) (ScriptedImporter) -> (artifact id: '40836002087b879537404ff7dd50cfb5') in 0.0364499 seconds
Number of updated asset objects reloaded before import = 0Number of asset objects unloaded after import = 9

========================================================================
Received Import Request.
  Time since last request: 0.000032 seconds.
  path: Assets/Materials/FloorTile1.mat
  artifactKey: Guid(5aaf37907dacc894885771c0b9c92e30) Importer(2089858483,192608db42251d675da83286b1cce702)
Start importing Assets/Materials/FloorTile1.mat using Guid(5aaf37907dacc894885771c0b9c92e30) Importer(2089858483,192608db42251d675da83286b1cce702) (ScriptedImporter) -> (artifact id: 'defd81a0f870bc9561bf49150d43f15c') in 0.0344425 seconds
Number of updated asset objects reloaded before import = 0Number of asset objects unloaded after import = 4

========================================================================
Received Import Request.
  Time since last request: 0.000039 seconds.
  path: Assets/Prefabs/Corridor1_Wide_Turn.prefab
  artifactKey: Guid(f80296c7298cdbb478e25260f2eb2510) Importer(2089858483,192608db42251d675da83286b1cce702)
Start importing Assets/Prefabs/Corridor1_Wide_Turn.prefab using Guid(f80296c7298cdbb478e25260f2eb2510) Importer(2089858483,192608db42251d675da83286b1cce702) (ScriptedImporter) -> (artifact id: '9a0b158279327d6bd1a843e848963d8d') in 0.0650234 seconds
Number of updated asset objects reloaded before import = 0Number of asset objects unloaded after import = 69

========================================================================
Received Import Request.
  Time since last request: 0.000048 seconds.
  path: Assets/Readme.asset
  artifactKey: Guid(8105016687592461f977c054a80ce2f2) Importer(2089858483,192608db42251d675da83286b1cce702)
Start importing Assets/Readme.asset using Guid(8105016687592461f977c054a80ce2f2) Importer(2089858483,192608db42251d675da83286b1cce702) (ScriptedImporter) -> (artifact id: 'a6323a2e798093549cd37b631a83c35f') in 0.0529143 seconds
Number of updated asset objects reloaded before import = 0Number of asset objects unloaded after import = 2

========================================================================
Received Import Request.
  Time since last request: 0.000058 seconds.
  path: Assets/Prefabs/Corridor1_Medium_Cross.prefab
  artifactKey: Guid(51ac4a8bfe2805146b34497d125823f5) Importer(2089858483,192608db42251d675da83286b1cce702)
Start importing Assets/Prefabs/Corridor1_Medium_Cross.prefab using Guid(51ac4a8bfe2805146b34497d125823f5) Importer(2089858483,192608db42251d675da83286b1cce702) (ScriptedImporter) -> (artifact id: '7cfacc9322c37976fc1633650d2a9adf') in 0.0412288 seconds
Number of updated asset objects reloaded before import = 0Number of asset objects unloaded after import = 89

========================================================================
Received Import Request.
  Time since last request: 0.000042 seconds.
  path: Assets/Prefabs/Doorway1_Extension.prefab
  artifactKey: Guid(4069c1f015a85b6469840cb8d7cab8a0) Importer(2089858483,192608db42251d675da83286b1cce702)
Start importing Assets/Prefabs/Doorway1_Extension.prefab using Guid(4069c1f015a85b6469840cb8d7cab8a0) Importer(2089858483,192608db42251d675da83286b1cce702) (ScriptedImporter) -> (artifact id: '9d70de49c3c70673596e60d76a6b7b9c') in 0.0320788 seconds
Number of updated asset objects reloaded before import = 0Number of asset objects unloaded after import = 9

========================================================================
Received Import Request.
  Time since last request: 0.000042 seconds.
  path: Assets/Boing/AnimController.controller
  artifactKey: Guid(d99ae05558b90914498f7f3978ea4f88) Importer(2089858483,192608db42251d675da83286b1cce702)
Start importing Assets/Boing/AnimController.controller using Guid(d99ae05558b90914498f7f3978ea4f88) Importer(2089858483,192608db42251d675da83286b1cce702) (ScriptedImporter) -> (artifact id: '9a29e6a5aade376224677abffd76d59d') in 0.0490208 seconds
Number of updated asset objects reloaded before import = 0Number of asset objects unloaded after import = 22

========================================================================
Received Import Request.
  Time since last request: 0.000040 seconds.
  path: Assets/Materials/Pedestal.mat
  artifactKey: Guid(fceb4f1647bcda4478415a4395cc814e) Importer(2089858483,192608db42251d675da83286b1cce702)
Start importing Assets/Materials/Pedestal.mat using Guid(fceb4f1647bcda4478415a4395cc814e) Importer(2089858483,192608db42251d675da83286b1cce702) (ScriptedImporter) -> (artifact id: 'f09da84de679b884ec5463a0c7847183') in 0.024445 seconds
Number of updated asset objects reloaded before import = 0Number of asset objects unloaded after import = 3

========================================================================
Received Import Request.
  Time since last request: 0.000049 seconds.
  path: Assets/Meshes/Room1_Simple_Medium.obj
  artifactKey: Guid(8314a219b527d4d4c9509f652e8cb92a) Importer(2089858483,192608db42251d675da83286b1cce702)
Start importing Assets/Meshes/Room1_Simple_Medium.obj using Guid(8314a219b527d4d4c9509f652e8cb92a) Importer(2089858483,192608db42251d675da83286b1cce702) (ScriptedImporter) -> (artifact id: 'a48b4e74ebe717c0f01a930f974296a3') in 0.1152204 seconds
Number of updated asset objects reloaded before import = 0Number of asset objects unloaded after import = 130

========================================================================
Received Import Request.
  Time since last request: 0.000036 seconds.
  path: Assets/Materials/Wall.mat
  artifactKey: Guid(45eacf061cdd5f34bba787d6f1368d25) Importer(2089858483,192608db42251d675da83286b1cce702)
Start importing Assets/Materials/Wall.mat using Guid(45eacf061cdd5f34bba787d6f1368d25) Importer(2089858483,192608db42251d675da83286b1cce702) (ScriptedImporter) -> (artifact id: '8d1833b15440512c0f1097389502b8b3') in 0.0244122 seconds
Number of updated asset objects reloaded before import = 0Number of asset objects unloaded after import = 4

========================================================================
Received Import Request.
  Time since last request: 0.000037 seconds.
  path: Assets/Meshes/Room1_Simple_Small.obj
  artifactKey: Guid(89bc0b43524a7b04abd061dda48185d6) Importer(2089858483,192608db42251d675da83286b1cce702)
Start importing Assets/Meshes/Room1_Simple_Small.obj using Guid(89bc0b43524a7b04abd061dda48185d6) Importer(2089858483,192608db42251d675da83286b1cce702) (ScriptedImporter) -> (artifact id: 'ea3efca99627a30278003981e3b2aa16') in 0.0949642 seconds
Number of updated asset objects reloaded before import = 0Number of asset objects unloaded after import = 106

========================================================================
Received Import Request.
  Time since last request: 0.000048 seconds.
  path: Assets/Meshes/Corridor1_Narrow_Cross.obj
  artifactKey: Guid(c62db41c26094434fa691fe583c63798) Importer(2089858483,192608db42251d675da83286b1cce702)
Start importing Assets/Meshes/Corridor1_Narrow_Cross.obj using Guid(c62db41c26094434fa691fe583c63798) Importer(2089858483,192608db42251d675da83286b1cce702) (ScriptedImporter) -> (artifact id: '93df1276e2da09136efe786fd2e3d12f') in 0.1277146 seconds
Number of updated asset objects reloaded before import = 0Number of asset objects unloaded after import = 106

========================================================================
Received Import Request.
  Time since last request: 0.000081 seconds.
  path: Assets/Prefabs/Wall1_Half_H0.3.prefab
  artifactKey: Guid(dfc2319003a6e2c4eabbac730e7511d9) Importer(2089858483,192608db42251d675da83286b1cce702)
Start importing Assets/Prefabs/Wall1_Half_H0.3.prefab using Guid(dfc2319003a6e2c4eabbac730e7511d9) Importer(2089858483,192608db42251d675da83286b1cce702) (ScriptedImporter) -> (artifact id: '13ba2c6599ad20213845f7dc53ad04ea') in 0.035523 seconds
Number of updated asset objects reloaded before import = 0Number of asset objects unloaded after import = 9

========================================================================
Received Import Request.
  Time since last request: 0.000039 seconds.
  path: Assets/Prefabs/Corridor1_Narrow_T_Junction.prefab
  artifactKey: Guid(c1b74a4bce7a325429857efbb2896aa3) Importer(2089858483,192608db42251d675da83286b1cce702)
Start importing Assets/Prefabs/Corridor1_Narrow_T_Junction.prefab using Guid(c1b74a4bce7a325429857efbb2896aa3) Importer(2089858483,192608db42251d675da83286b1cce702) (ScriptedImporter) -> (artifact id: '5bd976be1511b05163de92194dbf8f4a') in 0.0385787 seconds
Number of updated asset objects reloaded before import = 0Number of asset objects unloaded after import = 69

========================================================================
Received Import Request.
  Time since last request: 3.676158 seconds.
  path: Assets/Terrain/FernCluster.FBX
  artifactKey: Guid(10d1a2ab804f24e47ac618f8f0b3a911) Importer(2089858483,192608db42251d675da83286b1cce702)
Start importing Assets/Terrain/FernCluster.FBX using Guid(10d1a2ab804f24e47ac618f8f0b3a911) Importer(2089858483,192608db42251d675da83286b1cce702) (ScriptedImporter) -> (artifact id: '868c7818b762ed3864c7eb8906757afa') in 0.071816 seconds
Number of updated asset objects reloaded before import = 0Number of asset objects unloaded after import = 13

========================================================================
Received Import Request.
  Time since last request: 0.000040 seconds.
  path: Assets/Textures/FloorTiles1_TileSet2_Normal.png
  artifactKey: Guid(8f35278dc440fa54ca41ad166d4bef2c) Importer(2089858483,192608db42251d675da83286b1cce702)
Start importing Assets/Textures/FloorTiles1_TileSet2_Normal.png using Guid(8f35278dc440fa54ca41ad166d4bef2c) Importer(2089858483,192608db42251d675da83286b1cce702) (ScriptedImporter) -> (artifact id: '12c651be24afedd2943ac13ceab05bcc') in 0.0464957 seconds
Number of updated asset objects reloaded before import = 0Number of asset objects unloaded after import = 1

========================================================================
Received Import Request.
  Time since last request: 0.000053 seconds.
  path: Assets/TutorialInfo/Icons/URP.png
  artifactKey: Guid(727a75301c3d24613a3ebcec4a24c2c8) Importer(2089858483,192608db42251d675da83286b1cce702)
Start importing Assets/TutorialInfo/Icons/URP.png using Guid(727a75301c3d24613a3ebcec4a24c2c8) Importer(2089858483,192608db42251d675da83286b1cce702) (ScriptedImporter) -> (artifact id: 'af63aa451549991adb64e7d7ab21b553') in 0.0294067 seconds
Number of updated asset objects reloaded before import = 0Number of asset objects unloaded after import = 1

========================================================================
Received Import Request.
  Time since last request: 0.000044 seconds.
  path: Assets/Textures/FloorTiles1_TileSet2_BaseMap.png
  artifactKey: Guid(38c09c65a7980344cbb6eee9092f347f) Importer(2089858483,192608db42251d675da83286b1cce702)
Start importing Assets/Textures/FloorTiles1_TileSet2_BaseMap.png using Guid(38c09c65a7980344cbb6eee9092f347f) Importer(2089858483,192608db42251d675da83286b1cce702) (ScriptedImporter) -> (artifact id: '8c58d2244307242caabc693e45f9113a') in 0.0315054 seconds
Number of updated asset objects reloaded before import = 0Number of asset objects unloaded after import = 1

========================================================================
Received Import Request.
  Time since last request: 0.000076 seconds.
  path: Assets/Textures/FloorTiles1_TileSet3_MaskMap.png
  artifactKey: Guid(d599c6408d4b8a9428563598f038c5d4) Importer(2089858483,192608db42251d675da83286b1cce702)
Start importing Assets/Textures/FloorTiles1_TileSet3_MaskMap.png using Guid(d599c6408d4b8a9428563598f038c5d4) Importer(2089858483,192608db42251d675da83286b1cce702) (ScriptedImporter) -> (artifact id: '3f029910e37fe2fb7aa883b2e558a314') in 0.0541356 seconds
Number of updated asset objects reloaded before import = 0Number of asset objects unloaded after import = 1

========================================================================
Received Import Request.
  Time since last request: 0.000044 seconds.
  path: Assets/Textures/FloorTiles1_TileSet2_MaskMap.png
  artifactKey: Guid(c812b03c7c36e89408b681bbc71015bd) Importer(2089858483,192608db42251d675da83286b1cce702)
Start importing Assets/Textures/FloorTiles1_TileSet2_MaskMap.png using Guid(c812b03c7c36e89408b681bbc71015bd) Importer(2089858483,192608db42251d675da83286b1cce702) (ScriptedImporter) -> (artifact id: '62e64b69a3950bd4fb4f9a35f5e9c940') in 0.0261681 seconds
Number of updated asset objects reloaded before import = 0Number of asset objects unloaded after import = 1

========================================================================
Received Import Request.
  Time since last request: 0.000069 seconds.
  path: Assets/Textures/Column1_dokos_Normal.png
  artifactKey: Guid(2b44a6847c8ae8a499afe333765a7347) Importer(2089858483,192608db42251d675da83286b1cce702)
Start importing Assets/Textures/Column1_dokos_Normal.png using Guid(2b44a6847c8ae8a499afe333765a7347) Importer(2089858483,192608db42251d675da83286b1cce702) (ScriptedImporter) -> (artifact id: '73c0c4abf20eb2b64b2ec814dbc3487a') in 0.0251007 seconds
Number of updated asset objects reloaded before import = 0Number of asset objects unloaded after import = 1

========================================================================
Received Import Request.
  Time since last request: 0.000038 seconds.
  path: Assets/Textures/dwe_B.tga
  artifactKey: Guid(96ac1008292bf4545840de23b16a731f) Importer(2089858483,192608db42251d675da83286b1cce702)
Start importing Assets/Textures/dwe_B.tga using Guid(96ac1008292bf4545840de23b16a731f) Importer(2089858483,192608db42251d675da83286b1cce702) (ScriptedImporter) -> (artifact id: '0cd9732757da726a3807fd8ed586af62') in 0.0333657 seconds
Number of updated asset objects reloaded before import = 0Number of asset objects unloaded after import = 1

========================================================================
Received Import Request.
  Time since last request: 0.000048 seconds.
  path: Assets/Textures/Wall1_H1.0_Wall1_Normal.png
  artifactKey: Guid(cfb26be9bdb162f408861adca28ce2a1) Importer(2089858483,192608db42251d675da83286b1cce702)
Start importing Assets/Textures/Wall1_H1.0_Wall1_Normal.png using Guid(cfb26be9bdb162f408861adca28ce2a1) Importer(2089858483,192608db42251d675da83286b1cce702) (ScriptedImporter) -> (artifact id: 'f8c922e3bdfdd3b0583f1d064931e52e') in 0.038775 seconds
Number of updated asset objects reloaded before import = 0Number of asset objects unloaded after import = 1

========================================================================
Received Import Request.
  Time since last request: 0.000051 seconds.
  path: Assets/Textures/Column1_dokos_BaseMap.png
  artifactKey: Guid(4340face1c724bc4bb15aa59b689c225) Importer(2089858483,192608db42251d675da83286b1cce702)
Start importing Assets/Textures/Column1_dokos_BaseMap.png using Guid(4340face1c724bc4bb15aa59b689c225) Importer(2089858483,192608db42251d675da83286b1cce702) (ScriptedImporter) -> (artifact id: 'cf33867baa34c373fa8d558fdd417f2f') in 0.0312649 seconds
Number of updated asset objects reloaded before import = 0Number of asset objects unloaded after import = 1

========================================================================
Received Import Request.
  Time since last request: 0.000068 seconds.
  path: Assets/Terrain/TexturesCom_Ground_SoilRocky2C_4x4_1K_normal.tif
  artifactKey: Guid(ff1c42cf5193759409799d69884f241f) Importer(2089858483,192608db42251d675da83286b1cce702)
Start importing Assets/Terrain/TexturesCom_Ground_SoilRocky2C_4x4_1K_normal.tif using Guid(ff1c42cf5193759409799d69884f241f) Importer(2089858483,192608db42251d675da83286b1cce702) (ScriptedImporter) -> (artifact id: 'bf0debb89dbd55dc2e8eca5e1772645a') in 0.0321204 seconds
Number of updated asset objects reloaded before import = 0Number of asset objects unloaded after import = 1

========================================================================
Received Import Request.
  Time since last request: 0.000034 seconds.
  path: Assets/Textures/Spikes_08___Default_MaskMap.png
  artifactKey: Guid(e9de14bde3dea284e96b766911ff26a8) Importer(2089858483,192608db42251d675da83286b1cce702)
Start importing Assets/Textures/Spikes_08___Default_MaskMap.png using Guid(e9de14bde3dea284e96b766911ff26a8) Importer(2089858483,192608db42251d675da83286b1cce702) (ScriptedImporter) -> (artifact id: '5029ee05fdaf10a1ee834de62ccd90e6') in 0.0270798 seconds
Number of updated asset objects reloaded before import = 0Number of asset objects unloaded after import = 1

========================================================================
Received Import Request.
  Time since last request: 0.000042 seconds.
  path: Assets/Textures/Column1_dwe_MaskMap.png
  artifactKey: Guid(ea0c4ff3fa0357e4193d77cdfa4ca0bb) Importer(2089858483,192608db42251d675da83286b1cce702)
Start importing Assets/Textures/Column1_dwe_MaskMap.png using Guid(ea0c4ff3fa0357e4193d77cdfa4ca0bb) Importer(2089858483,192608db42251d675da83286b1cce702) (ScriptedImporter) -> (artifact id: '267cd71be5d7d85efc91eafe3009c99c') in 0.044855 seconds
Number of updated asset objects reloaded before import = 0Number of asset objects unloaded after import = 1

========================================================================
Received Import Request.
  Time since last request: 0.000049 seconds.
  path: Assets/Textures/Door1_Door1_MaskMap.png
  artifactKey: Guid(3c8f8dabd9d23ff45b80098f789dff76) Importer(2089858483,192608db42251d675da83286b1cce702)
Start importing Assets/Textures/Door1_Door1_MaskMap.png using Guid(3c8f8dabd9d23ff45b80098f789dff76) Importer(2089858483,192608db42251d675da83286b1cce702) (ScriptedImporter) -> (artifact id: 'e65b744527a14beea83151c7002f154a') in 0.0347716 seconds
Number of updated asset objects reloaded before import = 0Number of asset objects unloaded after import = 1

========================================================================
Received Import Request.
  Time since last request: 157.171935 seconds.
  path: Assets/Dungeon.unity
  artifactKey: Guid(8a24d1d0fdb038f488256e655162ba28) Importer(2089858483,192608db42251d675da83286b1cce702)
Start importing Assets/Dungeon.unity using Guid(8a24d1d0fdb038f488256e655162ba28) Importer(2089858483,192608db42251d675da83286b1cce702) (ScriptedImporter) -> (artifact id: '3a282b09cf34b30b798c5c4bc64efbaa') in 0.1137007 seconds
Number of updated asset objects reloaded before import = 0Number of asset objects unloaded after import = 1

========================================================================
Received Import Request.
  Time since last request: 79.902457 seconds.
  path: Assets/New Terrain.asset
  artifactKey: Guid(54824eecb39eb8b43bc8faa2359acb2f) Importer(815301076,1909f56bfc062723c751e8b465ee728b)
Start importing Assets/New Terrain.asset using Guid(54824eecb39eb8b43bc8faa2359acb2f) Importer(815301076,1909f56bfc062723c751e8b465ee728b) (PreviewImporter) -> (artifact id: '9a569e7416b1a0659a99ab269252c2f0') in 0.0676782 seconds
Number of updated asset objects reloaded before import = 0Number of asset objects unloaded after import = 1

